<?xml version="1.0" encoding="UTF-8"?>
<testsuite xmlns:xsi="http://www.w3.org/2001/XMLSchema-instance" xsi:noNamespaceSchemaLocation="https://maven.apache.org/surefire/maven-surefire-plugin/xsd/surefire-test-report-3.0.xsd" version="3.0" name="com.cafe.mall.BoardServiceTest" time="15.682" tests="4" errors="0" skipped="0" failures="3">
  <properties>
    <property name="java.specification.version" value="22"/>
    <property name="sun.cpu.isalist" value="amd64"/>
    <property name="sun.jnu.encoding" value="MS949"/>
    <property name="java.class.path" value="C:\cyjo\git\MyProject\cafe_mall\target\test-classes;C:\cyjo\git\MyProject\cafe_mall\target\classes;C:\Users\sptek\.m2\repository\org\springframework\boot\spring-boot-starter-data-jdbc\3.2.5\spring-boot-starter-data-jdbc-3.2.5.jar;C:\Users\sptek\.m2\repository\org\springframework\data\spring-data-jdbc\3.2.5\spring-data-jdbc-3.2.5.jar;C:\Users\sptek\.m2\repository\org\springframework\data\spring-data-relational\3.2.5\spring-data-relational-3.2.5.jar;C:\Users\sptek\.m2\repository\com\github\jsqlparser\jsqlparser\4.6\jsqlparser-4.6.jar;C:\Users\sptek\.m2\repository\org\springframework\data\spring-data-commons\3.2.5\spring-data-commons-3.2.5.jar;C:\Users\sptek\.m2\repository\org\springframework\spring-tx\6.1.6\spring-tx-6.1.6.jar;C:\Users\sptek\.m2\repository\org\springframework\spring-context\6.1.6\spring-context-6.1.6.jar;C:\Users\sptek\.m2\repository\org\springframework\spring-beans\6.1.6\spring-beans-6.1.6.jar;C:\Users\sptek\.m2\repository\org\springframework\boot\spring-boot-starter-data-jpa\3.2.5\spring-boot-starter-data-jpa-3.2.5.jar;C:\Users\sptek\.m2\repository\org\springframework\boot\spring-boot-starter-aop\3.2.5\spring-boot-starter-aop-3.2.5.jar;C:\Users\sptek\.m2\repository\org\springframework\spring-aop\6.1.6\spring-aop-6.1.6.jar;C:\Users\sptek\.m2\repository\org\aspectj\aspectjweaver\1.9.22\aspectjweaver-1.9.22.jar;C:\Users\sptek\.m2\repository\org\hibernate\orm\hibernate-core\6.4.4.Final\hibernate-core-6.4.4.Final.jar;C:\Users\sptek\.m2\repository\jakarta\persistence\jakarta.persistence-api\3.1.0\jakarta.persistence-api-3.1.0.jar;C:\Users\sptek\.m2\repository\jakarta\transaction\jakarta.transaction-api\2.0.1\jakarta.transaction-api-2.0.1.jar;C:\Users\sptek\.m2\repository\org\jboss\logging\jboss-logging\3.5.3.Final\jboss-logging-3.5.3.Final.jar;C:\Users\sptek\.m2\repository\org\hibernate\common\hibernate-commons-annotations\6.0.6.Final\hibernate-commons-annotations-6.0.6.Final.jar;C:\Users\sptek\.m2\repository\io\smallrye\jandex\3.1.2\jandex-3.1.2.jar;C:\Users\sptek\.m2\repository\com\fasterxml\classmate\1.6.0\classmate-1.6.0.jar;C:\Users\sptek\.m2\repository\net\bytebuddy\byte-buddy\1.14.13\byte-buddy-1.14.13.jar;C:\Users\sptek\.m2\repository\org\glassfish\jaxb\jaxb-runtime\4.0.5\jaxb-runtime-4.0.5.jar;C:\Users\sptek\.m2\repository\org\glassfish\jaxb\jaxb-core\4.0.5\jaxb-core-4.0.5.jar;C:\Users\sptek\.m2\repository\org\eclipse\angus\angus-activation\2.0.2\angus-activation-2.0.2.jar;C:\Users\sptek\.m2\repository\org\glassfish\jaxb\txw2\4.0.5\txw2-4.0.5.jar;C:\Users\sptek\.m2\repository\com\sun\istack\istack-commons-runtime\4.1.2\istack-commons-runtime-4.1.2.jar;C:\Users\sptek\.m2\repository\jakarta\inject\jakarta.inject-api\2.0.1\jakarta.inject-api-2.0.1.jar;C:\Users\sptek\.m2\repository\org\antlr\antlr4-runtime\4.13.0\antlr4-runtime-4.13.0.jar;C:\Users\sptek\.m2\repository\org\springframework\data\spring-data-jpa\3.2.5\spring-data-jpa-3.2.5.jar;C:\Users\sptek\.m2\repository\org\springframework\spring-orm\6.1.6\spring-orm-6.1.6.jar;C:\Users\sptek\.m2\repository\jakarta\annotation\jakarta.annotation-api\2.1.1\jakarta.annotation-api-2.1.1.jar;C:\Users\sptek\.m2\repository\org\springframework\spring-aspects\6.1.6\spring-aspects-6.1.6.jar;C:\Users\sptek\.m2\repository\org\springframework\boot\spring-boot-starter-jdbc\3.2.5\spring-boot-starter-jdbc-3.2.5.jar;C:\Users\sptek\.m2\repository\org\springframework\boot\spring-boot-starter\3.2.5\spring-boot-starter-3.2.5.jar;C:\Users\sptek\.m2\repository\org\springframework\boot\spring-boot-starter-logging\3.2.5\spring-boot-starter-logging-3.2.5.jar;C:\Users\sptek\.m2\repository\ch\qos\logback\logback-classic\1.4.14\logback-classic-1.4.14.jar;C:\Users\sptek\.m2\repository\ch\qos\logback\logback-core\1.4.14\logback-core-1.4.14.jar;C:\Users\sptek\.m2\repository\org\apache\logging\log4j\log4j-to-slf4j\2.21.1\log4j-to-slf4j-2.21.1.jar;C:\Users\sptek\.m2\repository\org\apache\logging\log4j\log4j-api\2.21.1\log4j-api-2.21.1.jar;C:\Users\sptek\.m2\repository\org\slf4j\jul-to-slf4j\2.0.13\jul-to-slf4j-2.0.13.jar;C:\Users\sptek\.m2\repository\org\yaml\snakeyaml\2.2\snakeyaml-2.2.jar;C:\Users\sptek\.m2\repository\com\zaxxer\HikariCP\5.0.1\HikariCP-5.0.1.jar;C:\Users\sptek\.m2\repository\org\springframework\spring-jdbc\6.1.6\spring-jdbc-6.1.6.jar;C:\Users\sptek\.m2\repository\org\springframework\boot\spring-boot-starter-thymeleaf\3.2.5\spring-boot-starter-thymeleaf-3.2.5.jar;C:\Users\sptek\.m2\repository\org\thymeleaf\thymeleaf-spring6\3.1.2.RELEASE\thymeleaf-spring6-3.1.2.RELEASE.jar;C:\Users\sptek\.m2\repository\org\springframework\boot\spring-boot-starter-web\3.2.5\spring-boot-starter-web-3.2.5.jar;C:\Users\sptek\.m2\repository\org\springframework\boot\spring-boot-starter-json\3.2.5\spring-boot-starter-json-3.2.5.jar;C:\Users\sptek\.m2\repository\com\fasterxml\jackson\core\jackson-databind\2.15.4\jackson-databind-2.15.4.jar;C:\Users\sptek\.m2\repository\com\fasterxml\jackson\core\jackson-annotations\2.15.4\jackson-annotations-2.15.4.jar;C:\Users\sptek\.m2\repository\com\fasterxml\jackson\core\jackson-core\2.15.4\jackson-core-2.15.4.jar;C:\Users\sptek\.m2\repository\com\fasterxml\jackson\datatype\jackson-datatype-jdk8\2.15.4\jackson-datatype-jdk8-2.15.4.jar;C:\Users\sptek\.m2\repository\com\fasterxml\jackson\datatype\jackson-datatype-jsr310\2.15.4\jackson-datatype-jsr310-2.15.4.jar;C:\Users\sptek\.m2\repository\com\fasterxml\jackson\module\jackson-module-parameter-names\2.15.4\jackson-module-parameter-names-2.15.4.jar;C:\Users\sptek\.m2\repository\org\springframework\boot\spring-boot-starter-tomcat\3.2.5\spring-boot-starter-tomcat-3.2.5.jar;C:\Users\sptek\.m2\repository\org\apache\tomcat\embed\tomcat-embed-core\10.1.20\tomcat-embed-core-10.1.20.jar;C:\Users\sptek\.m2\repository\org\apache\tomcat\embed\tomcat-embed-el\10.1.20\tomcat-embed-el-10.1.20.jar;C:\Users\sptek\.m2\repository\org\apache\tomcat\embed\tomcat-embed-websocket\10.1.20\tomcat-embed-websocket-10.1.20.jar;C:\Users\sptek\.m2\repository\org\springframework\spring-web\6.1.6\spring-web-6.1.6.jar;C:\Users\sptek\.m2\repository\io\micrometer\micrometer-observation\1.12.5\micrometer-observation-1.12.5.jar;C:\Users\sptek\.m2\repository\io\micrometer\micrometer-commons\1.12.5\micrometer-commons-1.12.5.jar;C:\Users\sptek\.m2\repository\org\springframework\spring-webmvc\6.1.6\spring-webmvc-6.1.6.jar;C:\Users\sptek\.m2\repository\org\springframework\spring-expression\6.1.6\spring-expression-6.1.6.jar;C:\Users\sptek\.m2\repository\nz\net\ultraq\thymeleaf\thymeleaf-layout-dialect\3.3.0\thymeleaf-layout-dialect-3.3.0.jar;C:\Users\sptek\.m2\repository\org\apache\groovy\groovy\4.0.21\groovy-4.0.21.jar;C:\Users\sptek\.m2\repository\nz\net\ultraq\groovy\groovy-extensions\2.1.0\groovy-extensions-2.1.0.jar;C:\Users\sptek\.m2\repository\nz\net\ultraq\thymeleaf\thymeleaf-expression-processor\3.2.0\thymeleaf-expression-processor-3.2.0.jar;C:\Users\sptek\.m2\repository\org\thymeleaf\thymeleaf\3.1.2.RELEASE\thymeleaf-3.1.2.RELEASE.jar;C:\Users\sptek\.m2\repository\ognl\ognl\3.3.4\ognl-3.3.4.jar;C:\Users\sptek\.m2\repository\org\javassist\javassist\3.29.0-GA\javassist-3.29.0-GA.jar;C:\Users\sptek\.m2\repository\org\attoparser\attoparser\2.0.7.RELEASE\attoparser-2.0.7.RELEASE.jar;C:\Users\sptek\.m2\repository\org\unbescape\unbescape\1.1.6.RELEASE\unbescape-1.1.6.RELEASE.jar;C:\Users\sptek\.m2\repository\org\slf4j\slf4j-api\2.0.13\slf4j-api-2.0.13.jar;C:\Users\sptek\.m2\repository\org\springframework\boot\spring-boot-devtools\3.2.5\spring-boot-devtools-3.2.5.jar;C:\Users\sptek\.m2\repository\org\springframework\boot\spring-boot\3.2.5\spring-boot-3.2.5.jar;C:\Users\sptek\.m2\repository\org\springframework\boot\spring-boot-autoconfigure\3.2.5\spring-boot-autoconfigure-3.2.5.jar;C:\Users\sptek\.m2\repository\com\h2database\h2\2.2.224\h2-2.2.224.jar;C:\Users\sptek\.m2\repository\org\postgresql\postgresql\42.6.2\postgresql-42.6.2.jar;C:\Users\sptek\.m2\repository\org\checkerframework\checker-qual\3.31.0\checker-qual-3.31.0.jar;C:\Users\sptek\.m2\repository\org\projectlombok\lombok\1.18.32\lombok-1.18.32.jar;C:\Users\sptek\.m2\repository\org\springframework\boot\spring-boot-starter-test\3.2.5\spring-boot-starter-test-3.2.5.jar;C:\Users\sptek\.m2\repository\org\springframework\boot\spring-boot-test\3.2.5\spring-boot-test-3.2.5.jar;C:\Users\sptek\.m2\repository\org\springframework\boot\spring-boot-test-autoconfigure\3.2.5\spring-boot-test-autoconfigure-3.2.5.jar;C:\Users\sptek\.m2\repository\com\jayway\jsonpath\json-path\2.9.0\json-path-2.9.0.jar;C:\Users\sptek\.m2\repository\jakarta\xml\bind\jakarta.xml.bind-api\4.0.2\jakarta.xml.bind-api-4.0.2.jar;C:\Users\sptek\.m2\repository\jakarta\activation\jakarta.activation-api\2.1.3\jakarta.activation-api-2.1.3.jar;C:\Users\sptek\.m2\repository\net\minidev\json-smart\2.5.1\json-smart-2.5.1.jar;C:\Users\sptek\.m2\repository\net\minidev\accessors-smart\2.5.1\accessors-smart-2.5.1.jar;C:\Users\sptek\.m2\repository\org\ow2\asm\asm\9.6\asm-9.6.jar;C:\Users\sptek\.m2\repository\org\assertj\assertj-core\3.24.2\assertj-core-3.24.2.jar;C:\Users\sptek\.m2\repository\org\awaitility\awaitility\4.2.1\awaitility-4.2.1.jar;C:\Users\sptek\.m2\repository\org\hamcrest\hamcrest\2.2\hamcrest-2.2.jar;C:\Users\sptek\.m2\repository\org\junit\jupiter\junit-jupiter\5.10.2\junit-jupiter-5.10.2.jar;C:\Users\sptek\.m2\repository\org\junit\jupiter\junit-jupiter-api\5.10.2\junit-jupiter-api-5.10.2.jar;C:\Users\sptek\.m2\repository\org\opentest4j\opentest4j\1.3.0\opentest4j-1.3.0.jar;C:\Users\sptek\.m2\repository\org\junit\platform\junit-platform-commons\1.10.2\junit-platform-commons-1.10.2.jar;C:\Users\sptek\.m2\repository\org\apiguardian\apiguardian-api\1.1.2\apiguardian-api-1.1.2.jar;C:\Users\sptek\.m2\repository\org\junit\jupiter\junit-jupiter-params\5.10.2\junit-jupiter-params-5.10.2.jar;C:\Users\sptek\.m2\repository\org\junit\jupiter\junit-jupiter-engine\5.10.2\junit-jupiter-engine-5.10.2.jar;C:\Users\sptek\.m2\repository\org\junit\platform\junit-platform-engine\1.10.2\junit-platform-engine-1.10.2.jar;C:\Users\sptek\.m2\repository\org\mockito\mockito-core\5.7.0\mockito-core-5.7.0.jar;C:\Users\sptek\.m2\repository\net\bytebuddy\byte-buddy-agent\1.14.13\byte-buddy-agent-1.14.13.jar;C:\Users\sptek\.m2\repository\org\objenesis\objenesis\3.3\objenesis-3.3.jar;C:\Users\sptek\.m2\repository\org\mockito\mockito-junit-jupiter\5.7.0\mockito-junit-jupiter-5.7.0.jar;C:\Users\sptek\.m2\repository\org\skyscreamer\jsonassert\1.5.1\jsonassert-1.5.1.jar;C:\Users\sptek\.m2\repository\com\vaadin\external\google\android-json\0.0.20131108.vaadin1\android-json-0.0.20131108.vaadin1.jar;C:\Users\sptek\.m2\repository\org\springframework\spring-core\6.1.6\spring-core-6.1.6.jar;C:\Users\sptek\.m2\repository\org\springframework\spring-jcl\6.1.6\spring-jcl-6.1.6.jar;C:\Users\sptek\.m2\repository\org\springframework\spring-test\6.1.6\spring-test-6.1.6.jar;C:\Users\sptek\.m2\repository\org\xmlunit\xmlunit-core\2.9.1\xmlunit-core-2.9.1.jar;C:\Users\sptek\.m2\repository\org\mybatis\spring\boot\mybatis-spring-boot-starter-test\3.0.3\mybatis-spring-boot-starter-test-3.0.3.jar;C:\Users\sptek\.m2\repository\org\mybatis\spring\boot\mybatis-spring-boot-test-autoconfigure\3.0.3\mybatis-spring-boot-test-autoconfigure-3.0.3.jar;C:\Users\sptek\.m2\repository\io\projectreactor\reactor-test\3.6.5\reactor-test-3.6.5.jar;C:\Users\sptek\.m2\repository\io\projectreactor\reactor-core\3.6.5\reactor-core-3.6.5.jar;C:\Users\sptek\.m2\repository\org\reactivestreams\reactive-streams\1.0.4\reactive-streams-1.0.4.jar;C:\Users\sptek\.m2\repository\com\querydsl\querydsl-jpa\5.0.0\querydsl-jpa-5.0.0.jar;C:\Users\sptek\.m2\repository\com\querydsl\querydsl-core\5.0.0\querydsl-core-5.0.0.jar;C:\Users\sptek\.m2\repository\com\mysema\commons\mysema-commons-lang\0.2.4\mysema-commons-lang-0.2.4.jar;C:\Users\sptek\.m2\repository\com\querydsl\querydsl-apt\5.0.0\querydsl-apt-5.0.0.jar;C:\Users\sptek\.m2\repository\com\querydsl\querydsl-codegen\5.0.0\querydsl-codegen-5.0.0.jar;C:\Users\sptek\.m2\repository\com\querydsl\codegen-utils\5.0.0\codegen-utils-5.0.0.jar;C:\Users\sptek\.m2\repository\org\eclipse\jdt\ecj\3.26.0\ecj-3.26.0.jar;C:\Users\sptek\.m2\repository\javax\inject\javax.inject\1\javax.inject-1.jar;C:\Users\sptek\.m2\repository\io\github\classgraph\classgraph\4.8.108\classgraph-4.8.108.jar;C:\Users\sptek\.m2\repository\org\mybatis\mybatis-spring\3.0.3\mybatis-spring-3.0.3.jar;C:\Users\sptek\.m2\repository\org\mybatis\mybatis\3.5.14\mybatis-3.5.14.jar;"/>
    <property name="java.vm.vendor" value="Oracle Corporation"/>
    <property name="sun.arch.data.model" value="64"/>
    <property name="user.variant" value=""/>
    <property name="java.vendor.url" value="https://java.oracle.com/"/>
    <property name="user.timezone" value="Asia/Seoul"/>
    <property name="org.jboss.logging.provider" value="slf4j"/>
    <property name="os.name" value="Windows 10"/>
    <property name="java.vm.specification.version" value="22"/>
    <property name="sun.java.launcher" value="SUN_STANDARD"/>
    <property name="user.country" value="KR"/>
    <property name="sun.boot.library.path" value="C:\Users\sptek\.jdks\openjdk-22\bin"/>
    <property name="sun.java.command" value="C:\Users\sptek\AppData\Local\Temp\surefire14069358481998892251\surefirebooter-20240507152831465_3.jar C:\Users\sptek\AppData\Local\Temp\surefire14069358481998892251 2024-05-07T15-28-31_156-jvmRun1 surefire-20240507152831465_1tmp surefire_0-20240507152831465_2tmp"/>
    <property name="jdk.debug" value="release"/>
    <property name="surefire.test.class.path" value="C:\cyjo\git\MyProject\cafe_mall\target\test-classes;C:\cyjo\git\MyProject\cafe_mall\target\classes;C:\Users\sptek\.m2\repository\org\springframework\boot\spring-boot-starter-data-jdbc\3.2.5\spring-boot-starter-data-jdbc-3.2.5.jar;C:\Users\sptek\.m2\repository\org\springframework\data\spring-data-jdbc\3.2.5\spring-data-jdbc-3.2.5.jar;C:\Users\sptek\.m2\repository\org\springframework\data\spring-data-relational\3.2.5\spring-data-relational-3.2.5.jar;C:\Users\sptek\.m2\repository\com\github\jsqlparser\jsqlparser\4.6\jsqlparser-4.6.jar;C:\Users\sptek\.m2\repository\org\springframework\data\spring-data-commons\3.2.5\spring-data-commons-3.2.5.jar;C:\Users\sptek\.m2\repository\org\springframework\spring-tx\6.1.6\spring-tx-6.1.6.jar;C:\Users\sptek\.m2\repository\org\springframework\spring-context\6.1.6\spring-context-6.1.6.jar;C:\Users\sptek\.m2\repository\org\springframework\spring-beans\6.1.6\spring-beans-6.1.6.jar;C:\Users\sptek\.m2\repository\org\springframework\boot\spring-boot-starter-data-jpa\3.2.5\spring-boot-starter-data-jpa-3.2.5.jar;C:\Users\sptek\.m2\repository\org\springframework\boot\spring-boot-starter-aop\3.2.5\spring-boot-starter-aop-3.2.5.jar;C:\Users\sptek\.m2\repository\org\springframework\spring-aop\6.1.6\spring-aop-6.1.6.jar;C:\Users\sptek\.m2\repository\org\aspectj\aspectjweaver\1.9.22\aspectjweaver-1.9.22.jar;C:\Users\sptek\.m2\repository\org\hibernate\orm\hibernate-core\6.4.4.Final\hibernate-core-6.4.4.Final.jar;C:\Users\sptek\.m2\repository\jakarta\persistence\jakarta.persistence-api\3.1.0\jakarta.persistence-api-3.1.0.jar;C:\Users\sptek\.m2\repository\jakarta\transaction\jakarta.transaction-api\2.0.1\jakarta.transaction-api-2.0.1.jar;C:\Users\sptek\.m2\repository\org\jboss\logging\jboss-logging\3.5.3.Final\jboss-logging-3.5.3.Final.jar;C:\Users\sptek\.m2\repository\org\hibernate\common\hibernate-commons-annotations\6.0.6.Final\hibernate-commons-annotations-6.0.6.Final.jar;C:\Users\sptek\.m2\repository\io\smallrye\jandex\3.1.2\jandex-3.1.2.jar;C:\Users\sptek\.m2\repository\com\fasterxml\classmate\1.6.0\classmate-1.6.0.jar;C:\Users\sptek\.m2\repository\net\bytebuddy\byte-buddy\1.14.13\byte-buddy-1.14.13.jar;C:\Users\sptek\.m2\repository\org\glassfish\jaxb\jaxb-runtime\4.0.5\jaxb-runtime-4.0.5.jar;C:\Users\sptek\.m2\repository\org\glassfish\jaxb\jaxb-core\4.0.5\jaxb-core-4.0.5.jar;C:\Users\sptek\.m2\repository\org\eclipse\angus\angus-activation\2.0.2\angus-activation-2.0.2.jar;C:\Users\sptek\.m2\repository\org\glassfish\jaxb\txw2\4.0.5\txw2-4.0.5.jar;C:\Users\sptek\.m2\repository\com\sun\istack\istack-commons-runtime\4.1.2\istack-commons-runtime-4.1.2.jar;C:\Users\sptek\.m2\repository\jakarta\inject\jakarta.inject-api\2.0.1\jakarta.inject-api-2.0.1.jar;C:\Users\sptek\.m2\repository\org\antlr\antlr4-runtime\4.13.0\antlr4-runtime-4.13.0.jar;C:\Users\sptek\.m2\repository\org\springframework\data\spring-data-jpa\3.2.5\spring-data-jpa-3.2.5.jar;C:\Users\sptek\.m2\repository\org\springframework\spring-orm\6.1.6\spring-orm-6.1.6.jar;C:\Users\sptek\.m2\repository\jakarta\annotation\jakarta.annotation-api\2.1.1\jakarta.annotation-api-2.1.1.jar;C:\Users\sptek\.m2\repository\org\springframework\spring-aspects\6.1.6\spring-aspects-6.1.6.jar;C:\Users\sptek\.m2\repository\org\springframework\boot\spring-boot-starter-jdbc\3.2.5\spring-boot-starter-jdbc-3.2.5.jar;C:\Users\sptek\.m2\repository\org\springframework\boot\spring-boot-starter\3.2.5\spring-boot-starter-3.2.5.jar;C:\Users\sptek\.m2\repository\org\springframework\boot\spring-boot-starter-logging\3.2.5\spring-boot-starter-logging-3.2.5.jar;C:\Users\sptek\.m2\repository\ch\qos\logback\logback-classic\1.4.14\logback-classic-1.4.14.jar;C:\Users\sptek\.m2\repository\ch\qos\logback\logback-core\1.4.14\logback-core-1.4.14.jar;C:\Users\sptek\.m2\repository\org\apache\logging\log4j\log4j-to-slf4j\2.21.1\log4j-to-slf4j-2.21.1.jar;C:\Users\sptek\.m2\repository\org\apache\logging\log4j\log4j-api\2.21.1\log4j-api-2.21.1.jar;C:\Users\sptek\.m2\repository\org\slf4j\jul-to-slf4j\2.0.13\jul-to-slf4j-2.0.13.jar;C:\Users\sptek\.m2\repository\org\yaml\snakeyaml\2.2\snakeyaml-2.2.jar;C:\Users\sptek\.m2\repository\com\zaxxer\HikariCP\5.0.1\HikariCP-5.0.1.jar;C:\Users\sptek\.m2\repository\org\springframework\spring-jdbc\6.1.6\spring-jdbc-6.1.6.jar;C:\Users\sptek\.m2\repository\org\springframework\boot\spring-boot-starter-thymeleaf\3.2.5\spring-boot-starter-thymeleaf-3.2.5.jar;C:\Users\sptek\.m2\repository\org\thymeleaf\thymeleaf-spring6\3.1.2.RELEASE\thymeleaf-spring6-3.1.2.RELEASE.jar;C:\Users\sptek\.m2\repository\org\springframework\boot\spring-boot-starter-web\3.2.5\spring-boot-starter-web-3.2.5.jar;C:\Users\sptek\.m2\repository\org\springframework\boot\spring-boot-starter-json\3.2.5\spring-boot-starter-json-3.2.5.jar;C:\Users\sptek\.m2\repository\com\fasterxml\jackson\core\jackson-databind\2.15.4\jackson-databind-2.15.4.jar;C:\Users\sptek\.m2\repository\com\fasterxml\jackson\core\jackson-annotations\2.15.4\jackson-annotations-2.15.4.jar;C:\Users\sptek\.m2\repository\com\fasterxml\jackson\core\jackson-core\2.15.4\jackson-core-2.15.4.jar;C:\Users\sptek\.m2\repository\com\fasterxml\jackson\datatype\jackson-datatype-jdk8\2.15.4\jackson-datatype-jdk8-2.15.4.jar;C:\Users\sptek\.m2\repository\com\fasterxml\jackson\datatype\jackson-datatype-jsr310\2.15.4\jackson-datatype-jsr310-2.15.4.jar;C:\Users\sptek\.m2\repository\com\fasterxml\jackson\module\jackson-module-parameter-names\2.15.4\jackson-module-parameter-names-2.15.4.jar;C:\Users\sptek\.m2\repository\org\springframework\boot\spring-boot-starter-tomcat\3.2.5\spring-boot-starter-tomcat-3.2.5.jar;C:\Users\sptek\.m2\repository\org\apache\tomcat\embed\tomcat-embed-core\10.1.20\tomcat-embed-core-10.1.20.jar;C:\Users\sptek\.m2\repository\org\apache\tomcat\embed\tomcat-embed-el\10.1.20\tomcat-embed-el-10.1.20.jar;C:\Users\sptek\.m2\repository\org\apache\tomcat\embed\tomcat-embed-websocket\10.1.20\tomcat-embed-websocket-10.1.20.jar;C:\Users\sptek\.m2\repository\org\springframework\spring-web\6.1.6\spring-web-6.1.6.jar;C:\Users\sptek\.m2\repository\io\micrometer\micrometer-observation\1.12.5\micrometer-observation-1.12.5.jar;C:\Users\sptek\.m2\repository\io\micrometer\micrometer-commons\1.12.5\micrometer-commons-1.12.5.jar;C:\Users\sptek\.m2\repository\org\springframework\spring-webmvc\6.1.6\spring-webmvc-6.1.6.jar;C:\Users\sptek\.m2\repository\org\springframework\spring-expression\6.1.6\spring-expression-6.1.6.jar;C:\Users\sptek\.m2\repository\nz\net\ultraq\thymeleaf\thymeleaf-layout-dialect\3.3.0\thymeleaf-layout-dialect-3.3.0.jar;C:\Users\sptek\.m2\repository\org\apache\groovy\groovy\4.0.21\groovy-4.0.21.jar;C:\Users\sptek\.m2\repository\nz\net\ultraq\groovy\groovy-extensions\2.1.0\groovy-extensions-2.1.0.jar;C:\Users\sptek\.m2\repository\nz\net\ultraq\thymeleaf\thymeleaf-expression-processor\3.2.0\thymeleaf-expression-processor-3.2.0.jar;C:\Users\sptek\.m2\repository\org\thymeleaf\thymeleaf\3.1.2.RELEASE\thymeleaf-3.1.2.RELEASE.jar;C:\Users\sptek\.m2\repository\ognl\ognl\3.3.4\ognl-3.3.4.jar;C:\Users\sptek\.m2\repository\org\javassist\javassist\3.29.0-GA\javassist-3.29.0-GA.jar;C:\Users\sptek\.m2\repository\org\attoparser\attoparser\2.0.7.RELEASE\attoparser-2.0.7.RELEASE.jar;C:\Users\sptek\.m2\repository\org\unbescape\unbescape\1.1.6.RELEASE\unbescape-1.1.6.RELEASE.jar;C:\Users\sptek\.m2\repository\org\slf4j\slf4j-api\2.0.13\slf4j-api-2.0.13.jar;C:\Users\sptek\.m2\repository\org\springframework\boot\spring-boot-devtools\3.2.5\spring-boot-devtools-3.2.5.jar;C:\Users\sptek\.m2\repository\org\springframework\boot\spring-boot\3.2.5\spring-boot-3.2.5.jar;C:\Users\sptek\.m2\repository\org\springframework\boot\spring-boot-autoconfigure\3.2.5\spring-boot-autoconfigure-3.2.5.jar;C:\Users\sptek\.m2\repository\com\h2database\h2\2.2.224\h2-2.2.224.jar;C:\Users\sptek\.m2\repository\org\postgresql\postgresql\42.6.2\postgresql-42.6.2.jar;C:\Users\sptek\.m2\repository\org\checkerframework\checker-qual\3.31.0\checker-qual-3.31.0.jar;C:\Users\sptek\.m2\repository\org\projectlombok\lombok\1.18.32\lombok-1.18.32.jar;C:\Users\sptek\.m2\repository\org\springframework\boot\spring-boot-starter-test\3.2.5\spring-boot-starter-test-3.2.5.jar;C:\Users\sptek\.m2\repository\org\springframework\boot\spring-boot-test\3.2.5\spring-boot-test-3.2.5.jar;C:\Users\sptek\.m2\repository\org\springframework\boot\spring-boot-test-autoconfigure\3.2.5\spring-boot-test-autoconfigure-3.2.5.jar;C:\Users\sptek\.m2\repository\com\jayway\jsonpath\json-path\2.9.0\json-path-2.9.0.jar;C:\Users\sptek\.m2\repository\jakarta\xml\bind\jakarta.xml.bind-api\4.0.2\jakarta.xml.bind-api-4.0.2.jar;C:\Users\sptek\.m2\repository\jakarta\activation\jakarta.activation-api\2.1.3\jakarta.activation-api-2.1.3.jar;C:\Users\sptek\.m2\repository\net\minidev\json-smart\2.5.1\json-smart-2.5.1.jar;C:\Users\sptek\.m2\repository\net\minidev\accessors-smart\2.5.1\accessors-smart-2.5.1.jar;C:\Users\sptek\.m2\repository\org\ow2\asm\asm\9.6\asm-9.6.jar;C:\Users\sptek\.m2\repository\org\assertj\assertj-core\3.24.2\assertj-core-3.24.2.jar;C:\Users\sptek\.m2\repository\org\awaitility\awaitility\4.2.1\awaitility-4.2.1.jar;C:\Users\sptek\.m2\repository\org\hamcrest\hamcrest\2.2\hamcrest-2.2.jar;C:\Users\sptek\.m2\repository\org\junit\jupiter\junit-jupiter\5.10.2\junit-jupiter-5.10.2.jar;C:\Users\sptek\.m2\repository\org\junit\jupiter\junit-jupiter-api\5.10.2\junit-jupiter-api-5.10.2.jar;C:\Users\sptek\.m2\repository\org\opentest4j\opentest4j\1.3.0\opentest4j-1.3.0.jar;C:\Users\sptek\.m2\repository\org\junit\platform\junit-platform-commons\1.10.2\junit-platform-commons-1.10.2.jar;C:\Users\sptek\.m2\repository\org\apiguardian\apiguardian-api\1.1.2\apiguardian-api-1.1.2.jar;C:\Users\sptek\.m2\repository\org\junit\jupiter\junit-jupiter-params\5.10.2\junit-jupiter-params-5.10.2.jar;C:\Users\sptek\.m2\repository\org\junit\jupiter\junit-jupiter-engine\5.10.2\junit-jupiter-engine-5.10.2.jar;C:\Users\sptek\.m2\repository\org\junit\platform\junit-platform-engine\1.10.2\junit-platform-engine-1.10.2.jar;C:\Users\sptek\.m2\repository\org\mockito\mockito-core\5.7.0\mockito-core-5.7.0.jar;C:\Users\sptek\.m2\repository\net\bytebuddy\byte-buddy-agent\1.14.13\byte-buddy-agent-1.14.13.jar;C:\Users\sptek\.m2\repository\org\objenesis\objenesis\3.3\objenesis-3.3.jar;C:\Users\sptek\.m2\repository\org\mockito\mockito-junit-jupiter\5.7.0\mockito-junit-jupiter-5.7.0.jar;C:\Users\sptek\.m2\repository\org\skyscreamer\jsonassert\1.5.1\jsonassert-1.5.1.jar;C:\Users\sptek\.m2\repository\com\vaadin\external\google\android-json\0.0.20131108.vaadin1\android-json-0.0.20131108.vaadin1.jar;C:\Users\sptek\.m2\repository\org\springframework\spring-core\6.1.6\spring-core-6.1.6.jar;C:\Users\sptek\.m2\repository\org\springframework\spring-jcl\6.1.6\spring-jcl-6.1.6.jar;C:\Users\sptek\.m2\repository\org\springframework\spring-test\6.1.6\spring-test-6.1.6.jar;C:\Users\sptek\.m2\repository\org\xmlunit\xmlunit-core\2.9.1\xmlunit-core-2.9.1.jar;C:\Users\sptek\.m2\repository\org\mybatis\spring\boot\mybatis-spring-boot-starter-test\3.0.3\mybatis-spring-boot-starter-test-3.0.3.jar;C:\Users\sptek\.m2\repository\org\mybatis\spring\boot\mybatis-spring-boot-test-autoconfigure\3.0.3\mybatis-spring-boot-test-autoconfigure-3.0.3.jar;C:\Users\sptek\.m2\repository\io\projectreactor\reactor-test\3.6.5\reactor-test-3.6.5.jar;C:\Users\sptek\.m2\repository\io\projectreactor\reactor-core\3.6.5\reactor-core-3.6.5.jar;C:\Users\sptek\.m2\repository\org\reactivestreams\reactive-streams\1.0.4\reactive-streams-1.0.4.jar;C:\Users\sptek\.m2\repository\com\querydsl\querydsl-jpa\5.0.0\querydsl-jpa-5.0.0.jar;C:\Users\sptek\.m2\repository\com\querydsl\querydsl-core\5.0.0\querydsl-core-5.0.0.jar;C:\Users\sptek\.m2\repository\com\mysema\commons\mysema-commons-lang\0.2.4\mysema-commons-lang-0.2.4.jar;C:\Users\sptek\.m2\repository\com\querydsl\querydsl-apt\5.0.0\querydsl-apt-5.0.0.jar;C:\Users\sptek\.m2\repository\com\querydsl\querydsl-codegen\5.0.0\querydsl-codegen-5.0.0.jar;C:\Users\sptek\.m2\repository\com\querydsl\codegen-utils\5.0.0\codegen-utils-5.0.0.jar;C:\Users\sptek\.m2\repository\org\eclipse\jdt\ecj\3.26.0\ecj-3.26.0.jar;C:\Users\sptek\.m2\repository\javax\inject\javax.inject\1\javax.inject-1.jar;C:\Users\sptek\.m2\repository\io\github\classgraph\classgraph\4.8.108\classgraph-4.8.108.jar;C:\Users\sptek\.m2\repository\org\mybatis\mybatis-spring\3.0.3\mybatis-spring-3.0.3.jar;C:\Users\sptek\.m2\repository\org\mybatis\mybatis\3.5.14\mybatis-3.5.14.jar;"/>
    <property name="sun.cpu.endian" value="little"/>
    <property name="user.home" value="C:\Users\sptek"/>
    <property name="user.language" value="ko"/>
    <property name="java.specification.vendor" value="Oracle Corporation"/>
    <property name="java.version.date" value="2024-03-19"/>
    <property name="java.home" value="C:\Users\sptek\.jdks\openjdk-22"/>
    <property name="file.separator" value="\"/>
    <property name="basedir" value="C:\cyjo\git\MyProject\cafe_mall"/>
    <property name="java.vm.compressedOopsMode" value="32-bit"/>
    <property name="line.separator" value="&#10;"/>
    <property name="java.vm.specification.vendor" value="Oracle Corporation"/>
    <property name="java.specification.name" value="Java Platform API Specification"/>
    <property name="FILE_LOG_CHARSET" value="UTF-8"/>
    <property name="java.awt.headless" value="true"/>
    <property name="surefire.real.class.path" value="C:\Users\sptek\AppData\Local\Temp\surefire14069358481998892251\surefirebooter-20240507152831465_3.jar"/>
    <property name="user.script" value=""/>
    <property name="sun.management.compiler" value="HotSpot 64-Bit Tiered Compilers"/>
    <property name="java.runtime.version" value="22+36-2370"/>
    <property name="user.name" value="sptek"/>
    <property name="stdout.encoding" value="MS949"/>
    <property name="path.separator" value=";"/>
    <property name="os.version" value="10.0"/>
    <property name="java.runtime.name" value="OpenJDK Runtime Environment"/>
    <property name="file.encoding" value="UTF-8"/>
    <property name="java.vm.name" value="OpenJDK 64-Bit Server VM"/>
    <property name="localRepository" value="C:\Users\sptek\.m2\repository"/>
    <property name="java.vendor.url.bug" value="https://bugreport.java.com/bugreport/"/>
    <property name="java.io.tmpdir" value="C:\Users\sptek\AppData\Local\Temp\"/>
    <property name="idea.version" value="2023.3.6"/>
    <property name="com.zaxxer.hikari.pool_number" value="1"/>
    <property name="java.version" value="22"/>
    <property name="user.dir" value="C:\cyjo\git\MyProject\cafe_mall"/>
    <property name="os.arch" value="amd64"/>
    <property name="java.vm.specification.name" value="Java Virtual Machine Specification"/>
    <property name="PID" value="10668"/>
    <property name="sun.os.patch.level" value=""/>
    <property name="CONSOLE_LOG_CHARSET" value="UTF-8"/>
    <property name="native.encoding" value="MS949"/>
    <property name="java.library.path" value="C:\Users\sptek\.jdks\openjdk-22\bin;C:\Windows\Sun\Java\bin;C:\Windows\system32;C:\Windows;C:\Program Files\Common Files\Oracle\Java\javapath;C:\Windows\system32;C:\Windows;C:\Windows\System32\Wbem;C:\Windows\System32\WindowsPowerShell\v1.0\;C:\Windows\System32\OpenSSH\;C:\Program Files\Git\cmd;C:\Program Files\Java\jdk-17\bin;C:\Users\sptek\AppData\Local\Microsoft\WindowsApps;;."/>
    <property name="java.vm.info" value="mixed mode, sharing"/>
    <property name="stderr.encoding" value="MS949"/>
    <property name="java.vendor" value="Oracle Corporation"/>
    <property name="java.vm.version" value="22+36-2370"/>
    <property name="sun.io.unicode.encoding" value="UnicodeLittle"/>
    <property name="java.class.version" value="66.0"/>
    <property name="LOGGED_APPLICATION_NAME" value="[cafe_mall] "/>
  </properties>
  <testcase name="getListTest" classname="com.cafe.mall.BoardServiceTest" time="2.172">
    <failure message="expected: &lt;11&gt; but was: &lt;10&gt;" type="org.opentest4j.AssertionFailedError"><![CDATA[org.opentest4j.AssertionFailedError: expected: <11> but was: <10>
	at org.junit.jupiter.api.AssertionFailureBuilder.build(AssertionFailureBuilder.java:151)
	at org.junit.jupiter.api.AssertionFailureBuilder.buildAndThrow(AssertionFailureBuilder.java:132)
	at org.junit.jupiter.api.AssertEquals.failNotEqual(AssertEquals.java:197)
	at org.junit.jupiter.api.AssertEquals.assertEquals(AssertEquals.java:150)
	at org.junit.jupiter.api.AssertEquals.assertEquals(AssertEquals.java:145)
	at org.junit.jupiter.api.Assertions.assertEquals(Assertions.java:531)
	at com.cafe.mall.BoardServiceTest.getListTest(BoardServiceTest.java:31)
	at java.base/java.lang.reflect.Method.invoke(Method.java:580)
	at java.base/java.util.ArrayList.forEach(ArrayList.java:1597)
	at java.base/java.util.ArrayList.forEach(ArrayList.java:1597)
]]></failure>
    <system-out><![CDATA[15:28:33.199 [main] INFO org.springframework.test.context.support.AnnotationConfigContextLoaderUtils -- Could not detect default configuration classes for test class [com.cafe.mall.BoardServiceTest]: BoardServiceTest does not declare any static, non-private, non-final, nested classes annotated with @Configuration.
15:28:33.424 [main] INFO org.springframework.boot.test.context.SpringBootTestContextBootstrapper -- Found @SpringBootConfiguration com.cafe.mall.CafeMallApplication for test class com.cafe.mall.BoardServiceTest
15:28:33.841 [main] INFO org.springframework.boot.devtools.restart.RestartApplicationListener -- Restart disabled due to context in which it is running

  .   ____          _            __ _ _
 /\\ / ___'_ __ _ _(_)_ __  __ _ \ \ \ \
( ( )\___ | '_ | '_| | '_ \/ _` | \ \ \ \
 \\/  ___)| |_)| | | | | || (_| |  ) ) ) )
  '  |____| .__|_| |_|_| |_\__, | / / / /
 =========|_|==============|___/=/_/_/_/
 :: Spring Boot ::                (v3.2.5)

2024-05-07T15:28:34.455+09:00  INFO 10668 --- [cafe_mall] [           main] com.cafe.mall.BoardServiceTest           : Starting BoardServiceTest using Java 22 with PID 10668 (started by sptek in C:\cyjo\git\MyProject\cafe_mall)
2024-05-07T15:28:34.457+09:00  INFO 10668 --- [cafe_mall] [           main] com.cafe.mall.BoardServiceTest           : No active profile set, falling back to 1 default profile: "default"
2024-05-07T15:28:36.453+09:00  INFO 10668 --- [cafe_mall] [           main] .s.d.r.c.RepositoryConfigurationDelegate : Multiple Spring Data modules found, entering strict repository configuration mode
2024-05-07T15:28:36.458+09:00  INFO 10668 --- [cafe_mall] [           main] .s.d.r.c.RepositoryConfigurationDelegate : Bootstrapping Spring Data JDBC repositories in DEFAULT mode.
2024-05-07T15:28:36.526+09:00  INFO 10668 --- [cafe_mall] [           main] .RepositoryConfigurationExtensionSupport : Spring Data JDBC - Could not safely identify store assignment for repository candidate interface com.cafe.mall.board.repository.BoardRepository; If you want this repository to be a JDBC repository, consider annotating your entities with one of these annotations: org.springframework.data.relational.core.mapping.Table.
2024-05-07T15:28:36.529+09:00  INFO 10668 --- [cafe_mall] [           main] .RepositoryConfigurationExtensionSupport : Spring Data JDBC - Could not safely identify store assignment for repository candidate interface com.cafe.mall.board.repository.BoardRepository2; If you want this repository to be a JDBC repository, consider annotating your entities with one of these annotations: org.springframework.data.relational.core.mapping.Table.
2024-05-07T15:28:36.531+09:00  INFO 10668 --- [cafe_mall] [           main] .RepositoryConfigurationExtensionSupport : Spring Data JDBC - Could not safely identify store assignment for repository candidate interface com.cafe.mall.member.repository.MemberRepository; If you want this repository to be a JDBC repository, consider annotating your entities with one of these annotations: org.springframework.data.relational.core.mapping.Table.
2024-05-07T15:28:36.533+09:00  INFO 10668 --- [cafe_mall] [           main] .s.d.r.c.RepositoryConfigurationDelegate : Finished Spring Data repository scanning in 65 ms. Found 0 JDBC repository interfaces.
2024-05-07T15:28:36.556+09:00  INFO 10668 --- [cafe_mall] [           main] .s.d.r.c.RepositoryConfigurationDelegate : Multiple Spring Data modules found, entering strict repository configuration mode
2024-05-07T15:28:36.557+09:00  INFO 10668 --- [cafe_mall] [           main] .s.d.r.c.RepositoryConfigurationDelegate : Bootstrapping Spring Data JPA repositories in DEFAULT mode.
2024-05-07T15:28:36.917+09:00  INFO 10668 --- [cafe_mall] [           main] .s.d.r.c.RepositoryConfigurationDelegate : Finished Spring Data repository scanning in 352 ms. Found 3 JPA repository interfaces.
2024-05-07T15:28:37.899+09:00  INFO 10668 --- [cafe_mall] [           main] o.hibernate.jpa.internal.util.LogHelper  : HHH000204: Processing PersistenceUnitInfo [name: default]
2024-05-07T15:28:38.110+09:00  INFO 10668 --- [cafe_mall] [           main] org.hibernate.Version                    : HHH000412: Hibernate ORM core version 6.4.4.Final
2024-05-07T15:28:38.204+09:00  INFO 10668 --- [cafe_mall] [           main] o.h.c.internal.RegionFactoryInitiator    : HHH000026: Second-level cache disabled
2024-05-07T15:28:38.905+09:00  INFO 10668 --- [cafe_mall] [           main] o.s.o.j.p.SpringPersistenceUnitInfo      : No LoadTimeWeaver setup: ignoring JPA class transformer
2024-05-07T15:28:38.979+09:00  INFO 10668 --- [cafe_mall] [           main] com.zaxxer.hikari.HikariDataSource       : HikariPool-1 - Starting...
2024-05-07T15:28:39.416+09:00  INFO 10668 --- [cafe_mall] [           main] com.zaxxer.hikari.pool.HikariPool        : HikariPool-1 - Added connection org.postgresql.jdbc.PgConnection@76134b9b
2024-05-07T15:28:39.421+09:00  INFO 10668 --- [cafe_mall] [           main] com.zaxxer.hikari.HikariDataSource       : HikariPool-1 - Start completed.
2024-05-07T15:28:39.513+09:00  WARN 10668 --- [cafe_mall] [           main] org.hibernate.orm.deprecation            : HHH90000025: PostgreSQLDialect does not need to be specified explicitly using 'hibernate.dialect' (remove the property setting and it will be selected by default)
2024-05-07T15:28:41.945+09:00  INFO 10668 --- [cafe_mall] [           main] o.h.e.t.j.p.i.JtaPlatformInitiator       : HHH000489: No JTA platform available (set 'hibernate.transaction.jta.platform' to enable JTA platform integration)
2024-05-07T15:28:42.083+09:00  INFO 10668 --- [cafe_mall] [           main] j.LocalContainerEntityManagerFactoryBean : Initialized JPA EntityManagerFactory for persistence unit 'default'
2024-05-07T15:28:43.064+09:00  WARN 10668 --- [cafe_mall] [           main] JpaBaseConfiguration$JpaWebConfiguration : spring.jpa.open-in-view is enabled by default. Therefore, database queries may be performed during view rendering. Explicitly configure spring.jpa.open-in-view to disable this warning
2024-05-07T15:28:43.121+09:00  INFO 10668 --- [cafe_mall] [           main] o.s.b.a.w.s.WelcomePageHandlerMapping    : Adding welcome page template: index
2024-05-07T15:28:43.768+09:00  INFO 10668 --- [cafe_mall] [           main] o.s.d.j.r.query.QueryEnhancerFactory     : JSqlParser is in classpath; If applicable, JSqlParser will be used
2024-05-07T15:28:43.768+09:00  INFO 10668 --- [cafe_mall] [           main] o.s.d.j.r.query.QueryEnhancerFactory     : Hibernate is in classpath; If applicable, HQL parser will be used.
2024-05-07T15:28:45.892+09:00  INFO 10668 --- [cafe_mall] [           main] com.cafe.mall.BoardServiceTest           : Started BoardServiceTest in 12.085 seconds (process running for 14.209)
Hibernate: 
    select
        nextval('member_seq')
Hibernate: 
    /* insert for
        com.cafe.mall.member.model.Member */insert 
    into
        member (create_dt, email, member_id, member_nm, member_pw, phone, update_dt, mbr_no) 
    values
        (?, ?, ?, ?, ?, ?, ?, ?)
Hibernate: 
    select
        b1_0.bno,
        b1_0.content,
        b1_0.in_date,
        b1_0.member_id,
        m1_0.mbr_no,
        m1_0.create_dt,
        m1_0.email,
        m1_0.member_id,
        m1_0.member_nm,
        m1_0.member_pw,
        m1_0.phone,
        m1_0.update_dt,
        b1_0.title,
        b1_0.up_date,
        b1_0.view_cnt,
        b1_0.writer 
    from
        board b1_0 
    join
        member m1_0 
            on m1_0.mbr_no=b1_0.member_id 
    where
        b1_0.bno=?
Hibernate: 
    select
        m1_0.mbr_no,
        m1_0.create_dt,
        m1_0.email,
        m1_0.member_id,
        m1_0.member_nm,
        m1_0.member_pw,
        m1_0.phone,
        m1_0.update_dt 
    from
        member m1_0 
    where
        m1_0.mbr_no=?
Hibernate: 
    /* update
        for com.cafe.mall.board.model.Board */update board 
    set
        content=?,
        in_date=?,
        member_id=?,
        title=?,
        up_date=?,
        view_cnt=?,
        writer=? 
    where
        bno=?
Hibernate: 
    /* insert for
        com.cafe.mall.member.model.Member */insert 
    into
        member (create_dt, email, member_id, member_nm, member_pw, phone, update_dt, mbr_no) 
    values
        (?, ?, ?, ?, ?, ?, ?, ?)
Hibernate: 
    select
        b1_0.bno,
        b1_0.content,
        b1_0.in_date,
        b1_0.member_id,
        m1_0.mbr_no,
        m1_0.create_dt,
        m1_0.email,
        m1_0.member_id,
        m1_0.member_nm,
        m1_0.member_pw,
        m1_0.phone,
        m1_0.update_dt,
        b1_0.title,
        b1_0.up_date,
        b1_0.view_cnt,
        b1_0.writer 
    from
        board b1_0 
    join
        member m1_0 
            on m1_0.mbr_no=b1_0.member_id 
    where
        b1_0.bno=?
Hibernate: 
    select
        m1_0.mbr_no,
        m1_0.create_dt,
        m1_0.email,
        m1_0.member_id,
        m1_0.member_nm,
        m1_0.member_pw,
        m1_0.phone,
        m1_0.update_dt 
    from
        member m1_0 
    where
        m1_0.mbr_no=?
Hibernate: 
    /* update
        for com.cafe.mall.board.model.Board */update board 
    set
        content=?,
        in_date=?,
        member_id=?,
        title=?,
        up_date=?,
        view_cnt=?,
        writer=? 
    where
        bno=?
Hibernate: 
    /* insert for
        com.cafe.mall.member.model.Member */insert 
    into
        member (create_dt, email, member_id, member_nm, member_pw, phone, update_dt, mbr_no) 
    values
        (?, ?, ?, ?, ?, ?, ?, ?)
Hibernate: 
    select
        b1_0.bno,
        b1_0.content,
        b1_0.in_date,
        b1_0.member_id,
        m1_0.mbr_no,
        m1_0.create_dt,
        m1_0.email,
        m1_0.member_id,
        m1_0.member_nm,
        m1_0.member_pw,
        m1_0.phone,
        m1_0.update_dt,
        b1_0.title,
        b1_0.up_date,
        b1_0.view_cnt,
        b1_0.writer 
    from
        board b1_0 
    join
        member m1_0 
            on m1_0.mbr_no=b1_0.member_id 
    where
        b1_0.bno=?
Hibernate: 
    select
        m1_0.mbr_no,
        m1_0.create_dt,
        m1_0.email,
        m1_0.member_id,
        m1_0.member_nm,
        m1_0.member_pw,
        m1_0.phone,
        m1_0.update_dt 
    from
        member m1_0 
    where
        m1_0.mbr_no=?
Hibernate: 
    select
        nextval('board_seq')
Hibernate: 
    /* insert for
        com.cafe.mall.board.model.Board */insert 
    into
        board (content, in_date, member_id, title, up_date, view_cnt, writer, bno) 
    values
        (?, ?, ?, ?, ?, ?, ?, ?)
Hibernate: 
    /* insert for
        com.cafe.mall.member.model.Member */insert 
    into
        member (create_dt, email, member_id, member_nm, member_pw, phone, update_dt, mbr_no) 
    values
        (?, ?, ?, ?, ?, ?, ?, ?)
Hibernate: 
    select
        b1_0.bno,
        b1_0.content,
        b1_0.in_date,
        b1_0.member_id,
        m1_0.mbr_no,
        m1_0.create_dt,
        m1_0.email,
        m1_0.member_id,
        m1_0.member_nm,
        m1_0.member_pw,
        m1_0.phone,
        m1_0.update_dt,
        b1_0.title,
        b1_0.up_date,
        b1_0.view_cnt,
        b1_0.writer 
    from
        board b1_0 
    join
        member m1_0 
            on m1_0.mbr_no=b1_0.member_id 
    where
        b1_0.bno=?
Hibernate: 
    select
        m1_0.mbr_no,
        m1_0.create_dt,
        m1_0.email,
        m1_0.member_id,
        m1_0.member_nm,
        m1_0.member_pw,
        m1_0.phone,
        m1_0.update_dt 
    from
        member m1_0 
    where
        m1_0.mbr_no=?
Hibernate: 
    /* insert for
        com.cafe.mall.board.model.Board */insert 
    into
        board (content, in_date, member_id, title, up_date, view_cnt, writer, bno) 
    values
        (?, ?, ?, ?, ?, ?, ?, ?)
Hibernate: 
    /* insert for
        com.cafe.mall.member.model.Member */insert 
    into
        member (create_dt, email, member_id, member_nm, member_pw, phone, update_dt, mbr_no) 
    values
        (?, ?, ?, ?, ?, ?, ?, ?)
Hibernate: 
    select
        b1_0.bno,
        b1_0.content,
        b1_0.in_date,
        b1_0.member_id,
        m1_0.mbr_no,
        m1_0.create_dt,
        m1_0.email,
        m1_0.member_id,
        m1_0.member_nm,
        m1_0.member_pw,
        m1_0.phone,
        m1_0.update_dt,
        b1_0.title,
        b1_0.up_date,
        b1_0.view_cnt,
        b1_0.writer 
    from
        board b1_0 
    join
        member m1_0 
            on m1_0.mbr_no=b1_0.member_id 
    where
        b1_0.bno=?
Hibernate: 
    select
        m1_0.mbr_no,
        m1_0.create_dt,
        m1_0.email,
        m1_0.member_id,
        m1_0.member_nm,
        m1_0.member_pw,
        m1_0.phone,
        m1_0.update_dt 
    from
        member m1_0 
    where
        m1_0.mbr_no=?
Hibernate: 
    /* insert for
        com.cafe.mall.board.model.Board */insert 
    into
        board (content, in_date, member_id, title, up_date, view_cnt, writer, bno) 
    values
        (?, ?, ?, ?, ?, ?, ?, ?)
Hibernate: 
    /* insert for
        com.cafe.mall.member.model.Member */insert 
    into
        member (create_dt, email, member_id, member_nm, member_pw, phone, update_dt, mbr_no) 
    values
        (?, ?, ?, ?, ?, ?, ?, ?)
Hibernate: 
    select
        b1_0.bno,
        b1_0.content,
        b1_0.in_date,
        b1_0.member_id,
        m1_0.mbr_no,
        m1_0.create_dt,
        m1_0.email,
        m1_0.member_id,
        m1_0.member_nm,
        m1_0.member_pw,
        m1_0.phone,
        m1_0.update_dt,
        b1_0.title,
        b1_0.up_date,
        b1_0.view_cnt,
        b1_0.writer 
    from
        board b1_0 
    join
        member m1_0 
            on m1_0.mbr_no=b1_0.member_id 
    where
        b1_0.bno=?
Hibernate: 
    select
        m1_0.mbr_no,
        m1_0.create_dt,
        m1_0.email,
        m1_0.member_id,
        m1_0.member_nm,
        m1_0.member_pw,
        m1_0.phone,
        m1_0.update_dt 
    from
        member m1_0 
    where
        m1_0.mbr_no=?
Hibernate: 
    /* insert for
        com.cafe.mall.board.model.Board */insert 
    into
        board (content, in_date, member_id, title, up_date, view_cnt, writer, bno) 
    values
        (?, ?, ?, ?, ?, ?, ?, ?)
Hibernate: 
    /* insert for
        com.cafe.mall.member.model.Member */insert 
    into
        member (create_dt, email, member_id, member_nm, member_pw, phone, update_dt, mbr_no) 
    values
        (?, ?, ?, ?, ?, ?, ?, ?)
Hibernate: 
    select
        b1_0.bno,
        b1_0.content,
        b1_0.in_date,
        b1_0.member_id,
        m1_0.mbr_no,
        m1_0.create_dt,
        m1_0.email,
        m1_0.member_id,
        m1_0.member_nm,
        m1_0.member_pw,
        m1_0.phone,
        m1_0.update_dt,
        b1_0.title,
        b1_0.up_date,
        b1_0.view_cnt,
        b1_0.writer 
    from
        board b1_0 
    join
        member m1_0 
            on m1_0.mbr_no=b1_0.member_id 
    where
        b1_0.bno=?
Hibernate: 
    select
        m1_0.mbr_no,
        m1_0.create_dt,
        m1_0.email,
        m1_0.member_id,
        m1_0.member_nm,
        m1_0.member_pw,
        m1_0.phone,
        m1_0.update_dt 
    from
        member m1_0 
    where
        m1_0.mbr_no=?
Hibernate: 
    /* insert for
        com.cafe.mall.board.model.Board */insert 
    into
        board (content, in_date, member_id, title, up_date, view_cnt, writer, bno) 
    values
        (?, ?, ?, ?, ?, ?, ?, ?)
Hibernate: 
    /* insert for
        com.cafe.mall.member.model.Member */insert 
    into
        member (create_dt, email, member_id, member_nm, member_pw, phone, update_dt, mbr_no) 
    values
        (?, ?, ?, ?, ?, ?, ?, ?)
Hibernate: 
    select
        b1_0.bno,
        b1_0.content,
        b1_0.in_date,
        b1_0.member_id,
        m1_0.mbr_no,
        m1_0.create_dt,
        m1_0.email,
        m1_0.member_id,
        m1_0.member_nm,
        m1_0.member_pw,
        m1_0.phone,
        m1_0.update_dt,
        b1_0.title,
        b1_0.up_date,
        b1_0.view_cnt,
        b1_0.writer 
    from
        board b1_0 
    join
        member m1_0 
            on m1_0.mbr_no=b1_0.member_id 
    where
        b1_0.bno=?
Hibernate: 
    select
        m1_0.mbr_no,
        m1_0.create_dt,
        m1_0.email,
        m1_0.member_id,
        m1_0.member_nm,
        m1_0.member_pw,
        m1_0.phone,
        m1_0.update_dt 
    from
        member m1_0 
    where
        m1_0.mbr_no=?
Hibernate: 
    /* insert for
        com.cafe.mall.board.model.Board */insert 
    into
        board (content, in_date, member_id, title, up_date, view_cnt, writer, bno) 
    values
        (?, ?, ?, ?, ?, ?, ?, ?)
Hibernate: 
    /* insert for
        com.cafe.mall.member.model.Member */insert 
    into
        member (create_dt, email, member_id, member_nm, member_pw, phone, update_dt, mbr_no) 
    values
        (?, ?, ?, ?, ?, ?, ?, ?)
Hibernate: 
    select
        b1_0.bno,
        b1_0.content,
        b1_0.in_date,
        b1_0.member_id,
        m1_0.mbr_no,
        m1_0.create_dt,
        m1_0.email,
        m1_0.member_id,
        m1_0.member_nm,
        m1_0.member_pw,
        m1_0.phone,
        m1_0.update_dt,
        b1_0.title,
        b1_0.up_date,
        b1_0.view_cnt,
        b1_0.writer 
    from
        board b1_0 
    join
        member m1_0 
            on m1_0.mbr_no=b1_0.member_id 
    where
        b1_0.bno=?
Hibernate: 
    select
        m1_0.mbr_no,
        m1_0.create_dt,
        m1_0.email,
        m1_0.member_id,
        m1_0.member_nm,
        m1_0.member_pw,
        m1_0.phone,
        m1_0.update_dt 
    from
        member m1_0 
    where
        m1_0.mbr_no=?
Hibernate: 
    /* insert for
        com.cafe.mall.board.model.Board */insert 
    into
        board (content, in_date, member_id, title, up_date, view_cnt, writer, bno) 
    values
        (?, ?, ?, ?, ?, ?, ?, ?)
Hibernate: 
    /* insert for
        com.cafe.mall.member.model.Member */insert 
    into
        member (create_dt, email, member_id, member_nm, member_pw, phone, update_dt, mbr_no) 
    values
        (?, ?, ?, ?, ?, ?, ?, ?)
Hibernate: 
    select
        b1_0.bno,
        b1_0.content,
        b1_0.in_date,
        b1_0.member_id,
        m1_0.mbr_no,
        m1_0.create_dt,
        m1_0.email,
        m1_0.member_id,
        m1_0.member_nm,
        m1_0.member_pw,
        m1_0.phone,
        m1_0.update_dt,
        b1_0.title,
        b1_0.up_date,
        b1_0.view_cnt,
        b1_0.writer 
    from
        board b1_0 
    join
        member m1_0 
            on m1_0.mbr_no=b1_0.member_id 
    where
        b1_0.bno=?
Hibernate: 
    select
        m1_0.mbr_no,
        m1_0.create_dt,
        m1_0.email,
        m1_0.member_id,
        m1_0.member_nm,
        m1_0.member_pw,
        m1_0.phone,
        m1_0.update_dt 
    from
        member m1_0 
    where
        m1_0.mbr_no=?
Hibernate: 
    /* insert for
        com.cafe.mall.board.model.Board */insert 
    into
        board (content, in_date, member_id, title, up_date, view_cnt, writer, bno) 
    values
        (?, ?, ?, ?, ?, ?, ?, ?)
Hibernate: 
    /* <criteria> */ select
        b1_0.bno,
        b1_0.content,
        b1_0.in_date,
        b1_0.member_id,
        b1_0.title,
        b1_0.up_date,
        b1_0.view_cnt,
        b1_0.writer 
    from
        board b1_0 
    order by
        b1_0.bno desc
Hibernate: 
    select
        m1_0.mbr_no,
        m1_0.create_dt,
        m1_0.email,
        m1_0.member_id,
        m1_0.member_nm,
        m1_0.member_pw,
        m1_0.phone,
        m1_0.update_dt 
    from
        member m1_0 
    where
        m1_0.mbr_no=?
Hibernate: 
    select
        m1_0.mbr_no,
        m1_0.create_dt,
        m1_0.email,
        m1_0.member_id,
        m1_0.member_nm,
        m1_0.member_pw,
        m1_0.phone,
        m1_0.update_dt 
    from
        member m1_0 
    where
        m1_0.mbr_no=?
Hibernate: 
    select
        m1_0.mbr_no,
        m1_0.create_dt,
        m1_0.email,
        m1_0.member_id,
        m1_0.member_nm,
        m1_0.member_pw,
        m1_0.phone,
        m1_0.update_dt 
    from
        member m1_0 
    where
        m1_0.mbr_no=?
Hibernate: 
    select
        m1_0.mbr_no,
        m1_0.create_dt,
        m1_0.email,
        m1_0.member_id,
        m1_0.member_nm,
        m1_0.member_pw,
        m1_0.phone,
        m1_0.update_dt 
    from
        member m1_0 
    where
        m1_0.mbr_no=?
Hibernate: 
    select
        m1_0.mbr_no,
        m1_0.create_dt,
        m1_0.email,
        m1_0.member_id,
        m1_0.member_nm,
        m1_0.member_pw,
        m1_0.phone,
        m1_0.update_dt 
    from
        member m1_0 
    where
        m1_0.mbr_no=?
Hibernate: 
    select
        m1_0.mbr_no,
        m1_0.create_dt,
        m1_0.email,
        m1_0.member_id,
        m1_0.member_nm,
        m1_0.member_pw,
        m1_0.phone,
        m1_0.update_dt 
    from
        member m1_0 
    where
        m1_0.mbr_no=?
Hibernate: 
    select
        m1_0.mbr_no,
        m1_0.create_dt,
        m1_0.email,
        m1_0.member_id,
        m1_0.member_nm,
        m1_0.member_pw,
        m1_0.phone,
        m1_0.update_dt 
    from
        member m1_0 
    where
        m1_0.mbr_no=?
Hibernate: 
    select
        m1_0.mbr_no,
        m1_0.create_dt,
        m1_0.email,
        m1_0.member_id,
        m1_0.member_nm,
        m1_0.member_pw,
        m1_0.phone,
        m1_0.update_dt 
    from
        member m1_0 
    where
        m1_0.mbr_no=?
Hibernate: 
    select
        m1_0.mbr_no,
        m1_0.create_dt,
        m1_0.email,
        m1_0.member_id,
        m1_0.member_nm,
        m1_0.member_pw,
        m1_0.phone,
        m1_0.update_dt 
    from
        member m1_0 
    where
        m1_0.mbr_no=?
Hibernate: 
    select
        m1_0.mbr_no,
        m1_0.create_dt,
        m1_0.email,
        m1_0.member_id,
        m1_0.member_nm,
        m1_0.member_pw,
        m1_0.phone,
        m1_0.update_dt 
    from
        member m1_0 
    where
        m1_0.mbr_no=?
Hibernate: 
    select
        m1_0.mbr_no,
        m1_0.create_dt,
        m1_0.email,
        m1_0.member_id,
        m1_0.member_nm,
        m1_0.member_pw,
        m1_0.phone,
        m1_0.update_dt 
    from
        member m1_0 
    where
        m1_0.mbr_no=?
list = [Board{bno=109, title='title10', writer='null', content='content10', viewCnt=0, inDate=2024-05-07 15:28:47.846, upDate=2024-05-07 15:28:47.846}, Board{bno=108, title='title9', writer='null', content='content9', viewCnt=0, inDate=2024-05-07 15:28:47.838, upDate=2024-05-07 15:28:47.838}, Board{bno=107, title='title8', writer='null', content='content8', viewCnt=0, inDate=2024-05-07 15:28:47.826, upDate=2024-05-07 15:28:47.826}, Board{bno=106, title='title7', writer='null', content='content7', viewCnt=0, inDate=2024-05-07 15:28:47.818, upDate=2024-05-07 15:28:47.818}, Board{bno=105, title='title6', writer='null', content='content6', viewCnt=0, inDate=2024-05-07 15:28:47.805, upDate=2024-05-07 15:28:47.805}, Board{bno=104, title='title5', writer='null', content='content5', viewCnt=0, inDate=2024-05-07 15:28:47.795, upDate=2024-05-07 15:28:47.795}, Board{bno=103, title='title4', writer='null', content='content4', viewCnt=0, inDate=2024-05-07 15:28:47.784, upDate=2024-05-07 15:28:47.784}, Board{bno=102, title='title3', writer='null', content='content3', viewCnt=0, inDate=2024-05-07 15:28:47.755, upDate=2024-05-07 15:28:47.755}, Board{bno=52, title='test3', writer='null', content='rewr', viewCnt=0, inDate=2024-04-30 17:42:10.71, upDate=2024-04-30 17:42:10.71}, Board{bno=2, title='title2', writer='null', content='content2', viewCnt=0, inDate=2024-05-07 15:28:47.739, upDate=2024-05-07 15:28:47.739}, Board{bno=1, title='title1', writer='null', content='content1', viewCnt=0, inDate=2024-05-07 15:28:47.562, upDate=2024-05-07 15:28:47.562}]
]]></system-out>
    <system-err><![CDATA[WARNING: A Java agent has been loaded dynamically (C:\Users\sptek\.m2\repository\net\bytebuddy\byte-buddy-agent\1.14.13\byte-buddy-agent-1.14.13.jar)
WARNING: If a serviceability tool is in use, please run with -XX:+EnableDynamicAgentLoading to hide this warning
WARNING: If a serviceability tool is not in use, please run with -Djdk.instrument.traceUsage for more information
WARNING: Dynamic loading of agents will be disallowed by default in a future release
]]></system-err>
  </testcase>
  <testcase name="writeAndReadTest" classname="com.cafe.mall.BoardServiceTest" time="0.145">
    <failure message="expected: &lt;true&gt; but was: &lt;false&gt;" type="org.opentest4j.AssertionFailedError"><![CDATA[org.opentest4j.AssertionFailedError: expected: <true> but was: <false>
	at org.junit.jupiter.api.AssertionFailureBuilder.build(AssertionFailureBuilder.java:151)
	at org.junit.jupiter.api.AssertionFailureBuilder.buildAndThrow(AssertionFailureBuilder.java:132)
	at org.junit.jupiter.api.AssertTrue.failNotTrue(AssertTrue.java:63)
	at org.junit.jupiter.api.AssertTrue.assertTrue(AssertTrue.java:36)
	at org.junit.jupiter.api.AssertTrue.assertTrue(AssertTrue.java:31)
	at org.junit.jupiter.api.Assertions.assertTrue(Assertions.java:183)
	at com.cafe.mall.BoardServiceTest.writeAndReadTest(BoardServiceTest.java:70)
	at java.base/java.lang.reflect.Method.invoke(Method.java:580)
	at java.base/java.util.ArrayList.forEach(ArrayList.java:1597)
	at java.base/java.util.ArrayList.forEach(ArrayList.java:1597)
]]></failure>
    <system-out><![CDATA[Hibernate: 
    /* insert for
        com.cafe.mall.member.model.Member */insert 
    into
        member (create_dt, email, member_id, member_nm, member_pw, phone, update_dt, mbr_no) 
    values
        (?, ?, ?, ?, ?, ?, ?, ?)
Hibernate: 
    select
        b1_0.bno,
        b1_0.content,
        b1_0.in_date,
        b1_0.member_id,
        m1_0.mbr_no,
        m1_0.create_dt,
        m1_0.email,
        m1_0.member_id,
        m1_0.member_nm,
        m1_0.member_pw,
        m1_0.phone,
        m1_0.update_dt,
        b1_0.title,
        b1_0.up_date,
        b1_0.view_cnt,
        b1_0.writer 
    from
        board b1_0 
    join
        member m1_0 
            on m1_0.mbr_no=b1_0.member_id 
    where
        b1_0.bno=?
Hibernate: 
    select
        m1_0.mbr_no,
        m1_0.create_dt,
        m1_0.email,
        m1_0.member_id,
        m1_0.member_nm,
        m1_0.member_pw,
        m1_0.phone,
        m1_0.update_dt 
    from
        member m1_0 
    where
        m1_0.mbr_no=?
Hibernate: 
    /* update
        for com.cafe.mall.board.model.Board */update board 
    set
        content=?,
        in_date=?,
        member_id=?,
        title=?,
        up_date=?,
        view_cnt=?,
        writer=? 
    where
        bno=?
Hibernate: 
    /* insert for
        com.cafe.mall.member.model.Member */insert 
    into
        member (create_dt, email, member_id, member_nm, member_pw, phone, update_dt, mbr_no) 
    values
        (?, ?, ?, ?, ?, ?, ?, ?)
Hibernate: 
    select
        b1_0.bno,
        b1_0.content,
        b1_0.in_date,
        b1_0.member_id,
        m1_0.mbr_no,
        m1_0.create_dt,
        m1_0.email,
        m1_0.member_id,
        m1_0.member_nm,
        m1_0.member_pw,
        m1_0.phone,
        m1_0.update_dt,
        b1_0.title,
        b1_0.up_date,
        b1_0.view_cnt,
        b1_0.writer 
    from
        board b1_0 
    join
        member m1_0 
            on m1_0.mbr_no=b1_0.member_id 
    where
        b1_0.bno=?
Hibernate: 
    select
        m1_0.mbr_no,
        m1_0.create_dt,
        m1_0.email,
        m1_0.member_id,
        m1_0.member_nm,
        m1_0.member_pw,
        m1_0.phone,
        m1_0.update_dt 
    from
        member m1_0 
    where
        m1_0.mbr_no=?
Hibernate: 
    /* update
        for com.cafe.mall.board.model.Board */update board 
    set
        content=?,
        in_date=?,
        member_id=?,
        title=?,
        up_date=?,
        view_cnt=?,
        writer=? 
    where
        bno=?
Hibernate: 
    /* insert for
        com.cafe.mall.member.model.Member */insert 
    into
        member (create_dt, email, member_id, member_nm, member_pw, phone, update_dt, mbr_no) 
    values
        (?, ?, ?, ?, ?, ?, ?, ?)
Hibernate: 
    select
        b1_0.bno,
        b1_0.content,
        b1_0.in_date,
        b1_0.member_id,
        m1_0.mbr_no,
        m1_0.create_dt,
        m1_0.email,
        m1_0.member_id,
        m1_0.member_nm,
        m1_0.member_pw,
        m1_0.phone,
        m1_0.update_dt,
        b1_0.title,
        b1_0.up_date,
        b1_0.view_cnt,
        b1_0.writer 
    from
        board b1_0 
    join
        member m1_0 
            on m1_0.mbr_no=b1_0.member_id 
    where
        b1_0.bno=?
Hibernate: 
    select
        m1_0.mbr_no,
        m1_0.create_dt,
        m1_0.email,
        m1_0.member_id,
        m1_0.member_nm,
        m1_0.member_pw,
        m1_0.phone,
        m1_0.update_dt 
    from
        member m1_0 
    where
        m1_0.mbr_no=?
Hibernate: 
    /* insert for
        com.cafe.mall.board.model.Board */insert 
    into
        board (content, in_date, member_id, title, up_date, view_cnt, writer, bno) 
    values
        (?, ?, ?, ?, ?, ?, ?, ?)
Hibernate: 
    /* insert for
        com.cafe.mall.member.model.Member */insert 
    into
        member (create_dt, email, member_id, member_nm, member_pw, phone, update_dt, mbr_no) 
    values
        (?, ?, ?, ?, ?, ?, ?, ?)
Hibernate: 
    select
        b1_0.bno,
        b1_0.content,
        b1_0.in_date,
        b1_0.member_id,
        m1_0.mbr_no,
        m1_0.create_dt,
        m1_0.email,
        m1_0.member_id,
        m1_0.member_nm,
        m1_0.member_pw,
        m1_0.phone,
        m1_0.update_dt,
        b1_0.title,
        b1_0.up_date,
        b1_0.view_cnt,
        b1_0.writer 
    from
        board b1_0 
    join
        member m1_0 
            on m1_0.mbr_no=b1_0.member_id 
    where
        b1_0.bno=?
Hibernate: 
    select
        m1_0.mbr_no,
        m1_0.create_dt,
        m1_0.email,
        m1_0.member_id,
        m1_0.member_nm,
        m1_0.member_pw,
        m1_0.phone,
        m1_0.update_dt 
    from
        member m1_0 
    where
        m1_0.mbr_no=?
Hibernate: 
    /* insert for
        com.cafe.mall.board.model.Board */insert 
    into
        board (content, in_date, member_id, title, up_date, view_cnt, writer, bno) 
    values
        (?, ?, ?, ?, ?, ?, ?, ?)
Hibernate: 
    /* insert for
        com.cafe.mall.member.model.Member */insert 
    into
        member (create_dt, email, member_id, member_nm, member_pw, phone, update_dt, mbr_no) 
    values
        (?, ?, ?, ?, ?, ?, ?, ?)
Hibernate: 
    select
        b1_0.bno,
        b1_0.content,
        b1_0.in_date,
        b1_0.member_id,
        m1_0.mbr_no,
        m1_0.create_dt,
        m1_0.email,
        m1_0.member_id,
        m1_0.member_nm,
        m1_0.member_pw,
        m1_0.phone,
        m1_0.update_dt,
        b1_0.title,
        b1_0.up_date,
        b1_0.view_cnt,
        b1_0.writer 
    from
        board b1_0 
    join
        member m1_0 
            on m1_0.mbr_no=b1_0.member_id 
    where
        b1_0.bno=?
Hibernate: 
    select
        m1_0.mbr_no,
        m1_0.create_dt,
        m1_0.email,
        m1_0.member_id,
        m1_0.member_nm,
        m1_0.member_pw,
        m1_0.phone,
        m1_0.update_dt 
    from
        member m1_0 
    where
        m1_0.mbr_no=?
Hibernate: 
    /* insert for
        com.cafe.mall.board.model.Board */insert 
    into
        board (content, in_date, member_id, title, up_date, view_cnt, writer, bno) 
    values
        (?, ?, ?, ?, ?, ?, ?, ?)
Hibernate: 
    /* insert for
        com.cafe.mall.member.model.Member */insert 
    into
        member (create_dt, email, member_id, member_nm, member_pw, phone, update_dt, mbr_no) 
    values
        (?, ?, ?, ?, ?, ?, ?, ?)
Hibernate: 
    select
        b1_0.bno,
        b1_0.content,
        b1_0.in_date,
        b1_0.member_id,
        m1_0.mbr_no,
        m1_0.create_dt,
        m1_0.email,
        m1_0.member_id,
        m1_0.member_nm,
        m1_0.member_pw,
        m1_0.phone,
        m1_0.update_dt,
        b1_0.title,
        b1_0.up_date,
        b1_0.view_cnt,
        b1_0.writer 
    from
        board b1_0 
    join
        member m1_0 
            on m1_0.mbr_no=b1_0.member_id 
    where
        b1_0.bno=?
Hibernate: 
    select
        m1_0.mbr_no,
        m1_0.create_dt,
        m1_0.email,
        m1_0.member_id,
        m1_0.member_nm,
        m1_0.member_pw,
        m1_0.phone,
        m1_0.update_dt 
    from
        member m1_0 
    where
        m1_0.mbr_no=?
Hibernate: 
    /* insert for
        com.cafe.mall.board.model.Board */insert 
    into
        board (content, in_date, member_id, title, up_date, view_cnt, writer, bno) 
    values
        (?, ?, ?, ?, ?, ?, ?, ?)
Hibernate: 
    /* insert for
        com.cafe.mall.member.model.Member */insert 
    into
        member (create_dt, email, member_id, member_nm, member_pw, phone, update_dt, mbr_no) 
    values
        (?, ?, ?, ?, ?, ?, ?, ?)
Hibernate: 
    select
        b1_0.bno,
        b1_0.content,
        b1_0.in_date,
        b1_0.member_id,
        m1_0.mbr_no,
        m1_0.create_dt,
        m1_0.email,
        m1_0.member_id,
        m1_0.member_nm,
        m1_0.member_pw,
        m1_0.phone,
        m1_0.update_dt,
        b1_0.title,
        b1_0.up_date,
        b1_0.view_cnt,
        b1_0.writer 
    from
        board b1_0 
    join
        member m1_0 
            on m1_0.mbr_no=b1_0.member_id 
    where
        b1_0.bno=?
Hibernate: 
    select
        m1_0.mbr_no,
        m1_0.create_dt,
        m1_0.email,
        m1_0.member_id,
        m1_0.member_nm,
        m1_0.member_pw,
        m1_0.phone,
        m1_0.update_dt 
    from
        member m1_0 
    where
        m1_0.mbr_no=?
Hibernate: 
    /* insert for
        com.cafe.mall.board.model.Board */insert 
    into
        board (content, in_date, member_id, title, up_date, view_cnt, writer, bno) 
    values
        (?, ?, ?, ?, ?, ?, ?, ?)
Hibernate: 
    /* insert for
        com.cafe.mall.member.model.Member */insert 
    into
        member (create_dt, email, member_id, member_nm, member_pw, phone, update_dt, mbr_no) 
    values
        (?, ?, ?, ?, ?, ?, ?, ?)
Hibernate: 
    select
        b1_0.bno,
        b1_0.content,
        b1_0.in_date,
        b1_0.member_id,
        m1_0.mbr_no,
        m1_0.create_dt,
        m1_0.email,
        m1_0.member_id,
        m1_0.member_nm,
        m1_0.member_pw,
        m1_0.phone,
        m1_0.update_dt,
        b1_0.title,
        b1_0.up_date,
        b1_0.view_cnt,
        b1_0.writer 
    from
        board b1_0 
    join
        member m1_0 
            on m1_0.mbr_no=b1_0.member_id 
    where
        b1_0.bno=?
Hibernate: 
    select
        m1_0.mbr_no,
        m1_0.create_dt,
        m1_0.email,
        m1_0.member_id,
        m1_0.member_nm,
        m1_0.member_pw,
        m1_0.phone,
        m1_0.update_dt 
    from
        member m1_0 
    where
        m1_0.mbr_no=?
Hibernate: 
    /* insert for
        com.cafe.mall.board.model.Board */insert 
    into
        board (content, in_date, member_id, title, up_date, view_cnt, writer, bno) 
    values
        (?, ?, ?, ?, ?, ?, ?, ?)
Hibernate: 
    /* insert for
        com.cafe.mall.member.model.Member */insert 
    into
        member (create_dt, email, member_id, member_nm, member_pw, phone, update_dt, mbr_no) 
    values
        (?, ?, ?, ?, ?, ?, ?, ?)
Hibernate: 
    select
        b1_0.bno,
        b1_0.content,
        b1_0.in_date,
        b1_0.member_id,
        m1_0.mbr_no,
        m1_0.create_dt,
        m1_0.email,
        m1_0.member_id,
        m1_0.member_nm,
        m1_0.member_pw,
        m1_0.phone,
        m1_0.update_dt,
        b1_0.title,
        b1_0.up_date,
        b1_0.view_cnt,
        b1_0.writer 
    from
        board b1_0 
    join
        member m1_0 
            on m1_0.mbr_no=b1_0.member_id 
    where
        b1_0.bno=?
Hibernate: 
    select
        m1_0.mbr_no,
        m1_0.create_dt,
        m1_0.email,
        m1_0.member_id,
        m1_0.member_nm,
        m1_0.member_pw,
        m1_0.phone,
        m1_0.update_dt 
    from
        member m1_0 
    where
        m1_0.mbr_no=?
Hibernate: 
    /* insert for
        com.cafe.mall.board.model.Board */insert 
    into
        board (content, in_date, member_id, title, up_date, view_cnt, writer, bno) 
    values
        (?, ?, ?, ?, ?, ?, ?, ?)
Hibernate: 
    /* insert for
        com.cafe.mall.member.model.Member */insert 
    into
        member (create_dt, email, member_id, member_nm, member_pw, phone, update_dt, mbr_no) 
    values
        (?, ?, ?, ?, ?, ?, ?, ?)
Hibernate: 
    select
        b1_0.bno,
        b1_0.content,
        b1_0.in_date,
        b1_0.member_id,
        m1_0.mbr_no,
        m1_0.create_dt,
        m1_0.email,
        m1_0.member_id,
        m1_0.member_nm,
        m1_0.member_pw,
        m1_0.phone,
        m1_0.update_dt,
        b1_0.title,
        b1_0.up_date,
        b1_0.view_cnt,
        b1_0.writer 
    from
        board b1_0 
    join
        member m1_0 
            on m1_0.mbr_no=b1_0.member_id 
    where
        b1_0.bno=?
Hibernate: 
    select
        m1_0.mbr_no,
        m1_0.create_dt,
        m1_0.email,
        m1_0.member_id,
        m1_0.member_nm,
        m1_0.member_pw,
        m1_0.phone,
        m1_0.update_dt 
    from
        member m1_0 
    where
        m1_0.mbr_no=?
Hibernate: 
    /* insert for
        com.cafe.mall.board.model.Board */insert 
    into
        board (content, in_date, member_id, title, up_date, view_cnt, writer, bno) 
    values
        (?, ?, ?, ?, ?, ?, ?, ?)
Hibernate: 
    /* insert for
        com.cafe.mall.member.model.Member */insert 
    into
        member (create_dt, email, member_id, member_nm, member_pw, phone, update_dt, mbr_no) 
    values
        (?, ?, ?, ?, ?, ?, ?, ?)
Hibernate: 
    select
        b1_0.bno,
        b1_0.content,
        b1_0.in_date,
        b1_0.member_id,
        m1_0.mbr_no,
        m1_0.create_dt,
        m1_0.email,
        m1_0.member_id,
        m1_0.member_nm,
        m1_0.member_pw,
        m1_0.phone,
        m1_0.update_dt,
        b1_0.title,
        b1_0.up_date,
        b1_0.view_cnt,
        b1_0.writer 
    from
        board b1_0 
    join
        member m1_0 
            on m1_0.mbr_no=b1_0.member_id 
    where
        b1_0.bno=?
Hibernate: 
    select
        m1_0.mbr_no,
        m1_0.create_dt,
        m1_0.email,
        m1_0.member_id,
        m1_0.member_nm,
        m1_0.member_pw,
        m1_0.phone,
        m1_0.update_dt 
    from
        member m1_0 
    where
        m1_0.mbr_no=?
Hibernate: 
    /* insert for
        com.cafe.mall.board.model.Board */insert 
    into
        board (content, in_date, member_id, title, up_date, view_cnt, writer, bno) 
    values
        (?, ?, ?, ?, ?, ?, ?, ?)
Hibernate: 
    select
        b1_0.bno,
        b1_0.content,
        b1_0.in_date,
        b1_0.member_id,
        m1_0.mbr_no,
        m1_0.create_dt,
        m1_0.email,
        m1_0.member_id,
        m1_0.member_nm,
        m1_0.member_pw,
        m1_0.phone,
        m1_0.update_dt,
        b1_0.title,
        b1_0.up_date,
        b1_0.view_cnt,
        b1_0.writer 
    from
        board b1_0 
    join
        member m1_0 
            on m1_0.mbr_no=b1_0.member_id 
    where
        b1_0.bno=?
]]></system-out>
  </testcase>
  <testcase name="removeTest" classname="com.cafe.mall.BoardServiceTest" time="0.072">
    <failure message="expected: &lt;true&gt; but was: &lt;false&gt;" type="org.opentest4j.AssertionFailedError"><![CDATA[org.opentest4j.AssertionFailedError: expected: <true> but was: <false>
	at org.junit.jupiter.api.AssertionFailureBuilder.build(AssertionFailureBuilder.java:151)
	at org.junit.jupiter.api.AssertionFailureBuilder.buildAndThrow(AssertionFailureBuilder.java:132)
	at org.junit.jupiter.api.AssertTrue.failNotTrue(AssertTrue.java:63)
	at org.junit.jupiter.api.AssertTrue.assertTrue(AssertTrue.java:36)
	at org.junit.jupiter.api.AssertTrue.assertTrue(AssertTrue.java:31)
	at org.junit.jupiter.api.Assertions.assertTrue(Assertions.java:183)
	at com.cafe.mall.BoardServiceTest.removeTest(BoardServiceTest.java:90)
	at java.base/java.lang.reflect.Method.invoke(Method.java:580)
	at java.base/java.util.ArrayList.forEach(ArrayList.java:1597)
	at java.base/java.util.ArrayList.forEach(ArrayList.java:1597)
]]></failure>
    <system-out><![CDATA[Hibernate: 
    /* insert for
        com.cafe.mall.member.model.Member */insert 
    into
        member (create_dt, email, member_id, member_nm, member_pw, phone, update_dt, mbr_no) 
    values
        (?, ?, ?, ?, ?, ?, ?, ?)
Hibernate: 
    select
        b1_0.bno,
        b1_0.content,
        b1_0.in_date,
        b1_0.member_id,
        m1_0.mbr_no,
        m1_0.create_dt,
        m1_0.email,
        m1_0.member_id,
        m1_0.member_nm,
        m1_0.member_pw,
        m1_0.phone,
        m1_0.update_dt,
        b1_0.title,
        b1_0.up_date,
        b1_0.view_cnt,
        b1_0.writer 
    from
        board b1_0 
    join
        member m1_0 
            on m1_0.mbr_no=b1_0.member_id 
    where
        b1_0.bno=?
Hibernate: 
    select
        m1_0.mbr_no,
        m1_0.create_dt,
        m1_0.email,
        m1_0.member_id,
        m1_0.member_nm,
        m1_0.member_pw,
        m1_0.phone,
        m1_0.update_dt 
    from
        member m1_0 
    where
        m1_0.mbr_no=?
Hibernate: 
    /* update
        for com.cafe.mall.board.model.Board */update board 
    set
        content=?,
        in_date=?,
        member_id=?,
        title=?,
        up_date=?,
        view_cnt=?,
        writer=? 
    where
        bno=?
Hibernate: 
    /* insert for
        com.cafe.mall.member.model.Member */insert 
    into
        member (create_dt, email, member_id, member_nm, member_pw, phone, update_dt, mbr_no) 
    values
        (?, ?, ?, ?, ?, ?, ?, ?)
Hibernate: 
    select
        b1_0.bno,
        b1_0.content,
        b1_0.in_date,
        b1_0.member_id,
        m1_0.mbr_no,
        m1_0.create_dt,
        m1_0.email,
        m1_0.member_id,
        m1_0.member_nm,
        m1_0.member_pw,
        m1_0.phone,
        m1_0.update_dt,
        b1_0.title,
        b1_0.up_date,
        b1_0.view_cnt,
        b1_0.writer 
    from
        board b1_0 
    join
        member m1_0 
            on m1_0.mbr_no=b1_0.member_id 
    where
        b1_0.bno=?
Hibernate: 
    select
        m1_0.mbr_no,
        m1_0.create_dt,
        m1_0.email,
        m1_0.member_id,
        m1_0.member_nm,
        m1_0.member_pw,
        m1_0.phone,
        m1_0.update_dt 
    from
        member m1_0 
    where
        m1_0.mbr_no=?
Hibernate: 
    /* update
        for com.cafe.mall.board.model.Board */update board 
    set
        content=?,
        in_date=?,
        member_id=?,
        title=?,
        up_date=?,
        view_cnt=?,
        writer=? 
    where
        bno=?
Hibernate: 
    /* insert for
        com.cafe.mall.member.model.Member */insert 
    into
        member (create_dt, email, member_id, member_nm, member_pw, phone, update_dt, mbr_no) 
    values
        (?, ?, ?, ?, ?, ?, ?, ?)
Hibernate: 
    select
        b1_0.bno,
        b1_0.content,
        b1_0.in_date,
        b1_0.member_id,
        m1_0.mbr_no,
        m1_0.create_dt,
        m1_0.email,
        m1_0.member_id,
        m1_0.member_nm,
        m1_0.member_pw,
        m1_0.phone,
        m1_0.update_dt,
        b1_0.title,
        b1_0.up_date,
        b1_0.view_cnt,
        b1_0.writer 
    from
        board b1_0 
    join
        member m1_0 
            on m1_0.mbr_no=b1_0.member_id 
    where
        b1_0.bno=?
Hibernate: 
    select
        m1_0.mbr_no,
        m1_0.create_dt,
        m1_0.email,
        m1_0.member_id,
        m1_0.member_nm,
        m1_0.member_pw,
        m1_0.phone,
        m1_0.update_dt 
    from
        member m1_0 
    where
        m1_0.mbr_no=?
Hibernate: 
    /* insert for
        com.cafe.mall.board.model.Board */insert 
    into
        board (content, in_date, member_id, title, up_date, view_cnt, writer, bno) 
    values
        (?, ?, ?, ?, ?, ?, ?, ?)
Hibernate: 
    /* insert for
        com.cafe.mall.member.model.Member */insert 
    into
        member (create_dt, email, member_id, member_nm, member_pw, phone, update_dt, mbr_no) 
    values
        (?, ?, ?, ?, ?, ?, ?, ?)
Hibernate: 
    select
        b1_0.bno,
        b1_0.content,
        b1_0.in_date,
        b1_0.member_id,
        m1_0.mbr_no,
        m1_0.create_dt,
        m1_0.email,
        m1_0.member_id,
        m1_0.member_nm,
        m1_0.member_pw,
        m1_0.phone,
        m1_0.update_dt,
        b1_0.title,
        b1_0.up_date,
        b1_0.view_cnt,
        b1_0.writer 
    from
        board b1_0 
    join
        member m1_0 
            on m1_0.mbr_no=b1_0.member_id 
    where
        b1_0.bno=?
Hibernate: 
    select
        m1_0.mbr_no,
        m1_0.create_dt,
        m1_0.email,
        m1_0.member_id,
        m1_0.member_nm,
        m1_0.member_pw,
        m1_0.phone,
        m1_0.update_dt 
    from
        member m1_0 
    where
        m1_0.mbr_no=?
Hibernate: 
    /* insert for
        com.cafe.mall.board.model.Board */insert 
    into
        board (content, in_date, member_id, title, up_date, view_cnt, writer, bno) 
    values
        (?, ?, ?, ?, ?, ?, ?, ?)
Hibernate: 
    /* insert for
        com.cafe.mall.member.model.Member */insert 
    into
        member (create_dt, email, member_id, member_nm, member_pw, phone, update_dt, mbr_no) 
    values
        (?, ?, ?, ?, ?, ?, ?, ?)
Hibernate: 
    select
        b1_0.bno,
        b1_0.content,
        b1_0.in_date,
        b1_0.member_id,
        m1_0.mbr_no,
        m1_0.create_dt,
        m1_0.email,
        m1_0.member_id,
        m1_0.member_nm,
        m1_0.member_pw,
        m1_0.phone,
        m1_0.update_dt,
        b1_0.title,
        b1_0.up_date,
        b1_0.view_cnt,
        b1_0.writer 
    from
        board b1_0 
    join
        member m1_0 
            on m1_0.mbr_no=b1_0.member_id 
    where
        b1_0.bno=?
Hibernate: 
    select
        m1_0.mbr_no,
        m1_0.create_dt,
        m1_0.email,
        m1_0.member_id,
        m1_0.member_nm,
        m1_0.member_pw,
        m1_0.phone,
        m1_0.update_dt 
    from
        member m1_0 
    where
        m1_0.mbr_no=?
Hibernate: 
    /* insert for
        com.cafe.mall.board.model.Board */insert 
    into
        board (content, in_date, member_id, title, up_date, view_cnt, writer, bno) 
    values
        (?, ?, ?, ?, ?, ?, ?, ?)
Hibernate: 
    /* insert for
        com.cafe.mall.member.model.Member */insert 
    into
        member (create_dt, email, member_id, member_nm, member_pw, phone, update_dt, mbr_no) 
    values
        (?, ?, ?, ?, ?, ?, ?, ?)
Hibernate: 
    select
        b1_0.bno,
        b1_0.content,
        b1_0.in_date,
        b1_0.member_id,
        m1_0.mbr_no,
        m1_0.create_dt,
        m1_0.email,
        m1_0.member_id,
        m1_0.member_nm,
        m1_0.member_pw,
        m1_0.phone,
        m1_0.update_dt,
        b1_0.title,
        b1_0.up_date,
        b1_0.view_cnt,
        b1_0.writer 
    from
        board b1_0 
    join
        member m1_0 
            on m1_0.mbr_no=b1_0.member_id 
    where
        b1_0.bno=?
Hibernate: 
    select
        m1_0.mbr_no,
        m1_0.create_dt,
        m1_0.email,
        m1_0.member_id,
        m1_0.member_nm,
        m1_0.member_pw,
        m1_0.phone,
        m1_0.update_dt 
    from
        member m1_0 
    where
        m1_0.mbr_no=?
Hibernate: 
    /* insert for
        com.cafe.mall.board.model.Board */insert 
    into
        board (content, in_date, member_id, title, up_date, view_cnt, writer, bno) 
    values
        (?, ?, ?, ?, ?, ?, ?, ?)
Hibernate: 
    /* insert for
        com.cafe.mall.member.model.Member */insert 
    into
        member (create_dt, email, member_id, member_nm, member_pw, phone, update_dt, mbr_no) 
    values
        (?, ?, ?, ?, ?, ?, ?, ?)
Hibernate: 
    select
        b1_0.bno,
        b1_0.content,
        b1_0.in_date,
        b1_0.member_id,
        m1_0.mbr_no,
        m1_0.create_dt,
        m1_0.email,
        m1_0.member_id,
        m1_0.member_nm,
        m1_0.member_pw,
        m1_0.phone,
        m1_0.update_dt,
        b1_0.title,
        b1_0.up_date,
        b1_0.view_cnt,
        b1_0.writer 
    from
        board b1_0 
    join
        member m1_0 
            on m1_0.mbr_no=b1_0.member_id 
    where
        b1_0.bno=?
Hibernate: 
    select
        m1_0.mbr_no,
        m1_0.create_dt,
        m1_0.email,
        m1_0.member_id,
        m1_0.member_nm,
        m1_0.member_pw,
        m1_0.phone,
        m1_0.update_dt 
    from
        member m1_0 
    where
        m1_0.mbr_no=?
Hibernate: 
    /* insert for
        com.cafe.mall.board.model.Board */insert 
    into
        board (content, in_date, member_id, title, up_date, view_cnt, writer, bno) 
    values
        (?, ?, ?, ?, ?, ?, ?, ?)
Hibernate: 
    /* insert for
        com.cafe.mall.member.model.Member */insert 
    into
        member (create_dt, email, member_id, member_nm, member_pw, phone, update_dt, mbr_no) 
    values
        (?, ?, ?, ?, ?, ?, ?, ?)
Hibernate: 
    select
        b1_0.bno,
        b1_0.content,
        b1_0.in_date,
        b1_0.member_id,
        m1_0.mbr_no,
        m1_0.create_dt,
        m1_0.email,
        m1_0.member_id,
        m1_0.member_nm,
        m1_0.member_pw,
        m1_0.phone,
        m1_0.update_dt,
        b1_0.title,
        b1_0.up_date,
        b1_0.view_cnt,
        b1_0.writer 
    from
        board b1_0 
    join
        member m1_0 
            on m1_0.mbr_no=b1_0.member_id 
    where
        b1_0.bno=?
Hibernate: 
    select
        m1_0.mbr_no,
        m1_0.create_dt,
        m1_0.email,
        m1_0.member_id,
        m1_0.member_nm,
        m1_0.member_pw,
        m1_0.phone,
        m1_0.update_dt 
    from
        member m1_0 
    where
        m1_0.mbr_no=?
Hibernate: 
    /* insert for
        com.cafe.mall.board.model.Board */insert 
    into
        board (content, in_date, member_id, title, up_date, view_cnt, writer, bno) 
    values
        (?, ?, ?, ?, ?, ?, ?, ?)
Hibernate: 
    /* insert for
        com.cafe.mall.member.model.Member */insert 
    into
        member (create_dt, email, member_id, member_nm, member_pw, phone, update_dt, mbr_no) 
    values
        (?, ?, ?, ?, ?, ?, ?, ?)
Hibernate: 
    select
        b1_0.bno,
        b1_0.content,
        b1_0.in_date,
        b1_0.member_id,
        m1_0.mbr_no,
        m1_0.create_dt,
        m1_0.email,
        m1_0.member_id,
        m1_0.member_nm,
        m1_0.member_pw,
        m1_0.phone,
        m1_0.update_dt,
        b1_0.title,
        b1_0.up_date,
        b1_0.view_cnt,
        b1_0.writer 
    from
        board b1_0 
    join
        member m1_0 
            on m1_0.mbr_no=b1_0.member_id 
    where
        b1_0.bno=?
Hibernate: 
    select
        m1_0.mbr_no,
        m1_0.create_dt,
        m1_0.email,
        m1_0.member_id,
        m1_0.member_nm,
        m1_0.member_pw,
        m1_0.phone,
        m1_0.update_dt 
    from
        member m1_0 
    where
        m1_0.mbr_no=?
Hibernate: 
    /* insert for
        com.cafe.mall.board.model.Board */insert 
    into
        board (content, in_date, member_id, title, up_date, view_cnt, writer, bno) 
    values
        (?, ?, ?, ?, ?, ?, ?, ?)
Hibernate: 
    /* insert for
        com.cafe.mall.member.model.Member */insert 
    into
        member (create_dt, email, member_id, member_nm, member_pw, phone, update_dt, mbr_no) 
    values
        (?, ?, ?, ?, ?, ?, ?, ?)
Hibernate: 
    select
        b1_0.bno,
        b1_0.content,
        b1_0.in_date,
        b1_0.member_id,
        m1_0.mbr_no,
        m1_0.create_dt,
        m1_0.email,
        m1_0.member_id,
        m1_0.member_nm,
        m1_0.member_pw,
        m1_0.phone,
        m1_0.update_dt,
        b1_0.title,
        b1_0.up_date,
        b1_0.view_cnt,
        b1_0.writer 
    from
        board b1_0 
    join
        member m1_0 
            on m1_0.mbr_no=b1_0.member_id 
    where
        b1_0.bno=?
Hibernate: 
    select
        m1_0.mbr_no,
        m1_0.create_dt,
        m1_0.email,
        m1_0.member_id,
        m1_0.member_nm,
        m1_0.member_pw,
        m1_0.phone,
        m1_0.update_dt 
    from
        member m1_0 
    where
        m1_0.mbr_no=?
Hibernate: 
    /* insert for
        com.cafe.mall.board.model.Board */insert 
    into
        board (content, in_date, member_id, title, up_date, view_cnt, writer, bno) 
    values
        (?, ?, ?, ?, ?, ?, ?, ?)
Hibernate: 
    select
        b1_0.bno,
        b1_0.content,
        b1_0.in_date,
        b1_0.member_id,
        m1_0.mbr_no,
        m1_0.create_dt,
        m1_0.email,
        m1_0.member_id,
        m1_0.member_nm,
        m1_0.member_pw,
        m1_0.phone,
        m1_0.update_dt,
        b1_0.title,
        b1_0.up_date,
        b1_0.view_cnt,
        b1_0.writer 
    from
        board b1_0 
    join
        member m1_0 
            on m1_0.mbr_no=b1_0.member_id 
    where
        b1_0.bno=?
]]></system-out>
  </testcase>
  <testcase name="modifyTest" classname="com.cafe.mall.BoardServiceTest" time="0.142">
    <system-out><![CDATA[Hibernate: 
    /* insert for
        com.cafe.mall.member.model.Member */insert 
    into
        member (create_dt, email, member_id, member_nm, member_pw, phone, update_dt, mbr_no) 
    values
        (?, ?, ?, ?, ?, ?, ?, ?)
Hibernate: 
    select
        b1_0.bno,
        b1_0.content,
        b1_0.in_date,
        b1_0.member_id,
        m1_0.mbr_no,
        m1_0.create_dt,
        m1_0.email,
        m1_0.member_id,
        m1_0.member_nm,
        m1_0.member_pw,
        m1_0.phone,
        m1_0.update_dt,
        b1_0.title,
        b1_0.up_date,
        b1_0.view_cnt,
        b1_0.writer 
    from
        board b1_0 
    join
        member m1_0 
            on m1_0.mbr_no=b1_0.member_id 
    where
        b1_0.bno=?
Hibernate: 
    select
        m1_0.mbr_no,
        m1_0.create_dt,
        m1_0.email,
        m1_0.member_id,
        m1_0.member_nm,
        m1_0.member_pw,
        m1_0.phone,
        m1_0.update_dt 
    from
        member m1_0 
    where
        m1_0.mbr_no=?
Hibernate: 
    /* update
        for com.cafe.mall.board.model.Board */update board 
    set
        content=?,
        in_date=?,
        member_id=?,
        title=?,
        up_date=?,
        view_cnt=?,
        writer=? 
    where
        bno=?
Hibernate: 
    /* insert for
        com.cafe.mall.member.model.Member */insert 
    into
        member (create_dt, email, member_id, member_nm, member_pw, phone, update_dt, mbr_no) 
    values
        (?, ?, ?, ?, ?, ?, ?, ?)
Hibernate: 
    select
        b1_0.bno,
        b1_0.content,
        b1_0.in_date,
        b1_0.member_id,
        m1_0.mbr_no,
        m1_0.create_dt,
        m1_0.email,
        m1_0.member_id,
        m1_0.member_nm,
        m1_0.member_pw,
        m1_0.phone,
        m1_0.update_dt,
        b1_0.title,
        b1_0.up_date,
        b1_0.view_cnt,
        b1_0.writer 
    from
        board b1_0 
    join
        member m1_0 
            on m1_0.mbr_no=b1_0.member_id 
    where
        b1_0.bno=?
Hibernate: 
    select
        m1_0.mbr_no,
        m1_0.create_dt,
        m1_0.email,
        m1_0.member_id,
        m1_0.member_nm,
        m1_0.member_pw,
        m1_0.phone,
        m1_0.update_dt 
    from
        member m1_0 
    where
        m1_0.mbr_no=?
Hibernate: 
    /* update
        for com.cafe.mall.board.model.Board */update board 
    set
        content=?,
        in_date=?,
        member_id=?,
        title=?,
        up_date=?,
        view_cnt=?,
        writer=? 
    where
        bno=?
Hibernate: 
    /* insert for
        com.cafe.mall.member.model.Member */insert 
    into
        member (create_dt, email, member_id, member_nm, member_pw, phone, update_dt, mbr_no) 
    values
        (?, ?, ?, ?, ?, ?, ?, ?)
Hibernate: 
    select
        b1_0.bno,
        b1_0.content,
        b1_0.in_date,
        b1_0.member_id,
        m1_0.mbr_no,
        m1_0.create_dt,
        m1_0.email,
        m1_0.member_id,
        m1_0.member_nm,
        m1_0.member_pw,
        m1_0.phone,
        m1_0.update_dt,
        b1_0.title,
        b1_0.up_date,
        b1_0.view_cnt,
        b1_0.writer 
    from
        board b1_0 
    join
        member m1_0 
            on m1_0.mbr_no=b1_0.member_id 
    where
        b1_0.bno=?
Hibernate: 
    select
        m1_0.mbr_no,
        m1_0.create_dt,
        m1_0.email,
        m1_0.member_id,
        m1_0.member_nm,
        m1_0.member_pw,
        m1_0.phone,
        m1_0.update_dt 
    from
        member m1_0 
    where
        m1_0.mbr_no=?
Hibernate: 
    /* insert for
        com.cafe.mall.board.model.Board */insert 
    into
        board (content, in_date, member_id, title, up_date, view_cnt, writer, bno) 
    values
        (?, ?, ?, ?, ?, ?, ?, ?)
Hibernate: 
    /* insert for
        com.cafe.mall.member.model.Member */insert 
    into
        member (create_dt, email, member_id, member_nm, member_pw, phone, update_dt, mbr_no) 
    values
        (?, ?, ?, ?, ?, ?, ?, ?)
Hibernate: 
    select
        b1_0.bno,
        b1_0.content,
        b1_0.in_date,
        b1_0.member_id,
        m1_0.mbr_no,
        m1_0.create_dt,
        m1_0.email,
        m1_0.member_id,
        m1_0.member_nm,
        m1_0.member_pw,
        m1_0.phone,
        m1_0.update_dt,
        b1_0.title,
        b1_0.up_date,
        b1_0.view_cnt,
        b1_0.writer 
    from
        board b1_0 
    join
        member m1_0 
            on m1_0.mbr_no=b1_0.member_id 
    where
        b1_0.bno=?
Hibernate: 
    select
        m1_0.mbr_no,
        m1_0.create_dt,
        m1_0.email,
        m1_0.member_id,
        m1_0.member_nm,
        m1_0.member_pw,
        m1_0.phone,
        m1_0.update_dt 
    from
        member m1_0 
    where
        m1_0.mbr_no=?
Hibernate: 
    /* insert for
        com.cafe.mall.board.model.Board */insert 
    into
        board (content, in_date, member_id, title, up_date, view_cnt, writer, bno) 
    values
        (?, ?, ?, ?, ?, ?, ?, ?)
Hibernate: 
    /* insert for
        com.cafe.mall.member.model.Member */insert 
    into
        member (create_dt, email, member_id, member_nm, member_pw, phone, update_dt, mbr_no) 
    values
        (?, ?, ?, ?, ?, ?, ?, ?)
Hibernate: 
    select
        b1_0.bno,
        b1_0.content,
        b1_0.in_date,
        b1_0.member_id,
        m1_0.mbr_no,
        m1_0.create_dt,
        m1_0.email,
        m1_0.member_id,
        m1_0.member_nm,
        m1_0.member_pw,
        m1_0.phone,
        m1_0.update_dt,
        b1_0.title,
        b1_0.up_date,
        b1_0.view_cnt,
        b1_0.writer 
    from
        board b1_0 
    join
        member m1_0 
            on m1_0.mbr_no=b1_0.member_id 
    where
        b1_0.bno=?
Hibernate: 
    select
        m1_0.mbr_no,
        m1_0.create_dt,
        m1_0.email,
        m1_0.member_id,
        m1_0.member_nm,
        m1_0.member_pw,
        m1_0.phone,
        m1_0.update_dt 
    from
        member m1_0 
    where
        m1_0.mbr_no=?
Hibernate: 
    /* insert for
        com.cafe.mall.board.model.Board */insert 
    into
        board (content, in_date, member_id, title, up_date, view_cnt, writer, bno) 
    values
        (?, ?, ?, ?, ?, ?, ?, ?)
Hibernate: 
    /* insert for
        com.cafe.mall.member.model.Member */insert 
    into
        member (create_dt, email, member_id, member_nm, member_pw, phone, update_dt, mbr_no) 
    values
        (?, ?, ?, ?, ?, ?, ?, ?)
Hibernate: 
    select
        b1_0.bno,
        b1_0.content,
        b1_0.in_date,
        b1_0.member_id,
        m1_0.mbr_no,
        m1_0.create_dt,
        m1_0.email,
        m1_0.member_id,
        m1_0.member_nm,
        m1_0.member_pw,
        m1_0.phone,
        m1_0.update_dt,
        b1_0.title,
        b1_0.up_date,
        b1_0.view_cnt,
        b1_0.writer 
    from
        board b1_0 
    join
        member m1_0 
            on m1_0.mbr_no=b1_0.member_id 
    where
        b1_0.bno=?
Hibernate: 
    select
        m1_0.mbr_no,
        m1_0.create_dt,
        m1_0.email,
        m1_0.member_id,
        m1_0.member_nm,
        m1_0.member_pw,
        m1_0.phone,
        m1_0.update_dt 
    from
        member m1_0 
    where
        m1_0.mbr_no=?
Hibernate: 
    /* insert for
        com.cafe.mall.board.model.Board */insert 
    into
        board (content, in_date, member_id, title, up_date, view_cnt, writer, bno) 
    values
        (?, ?, ?, ?, ?, ?, ?, ?)
Hibernate: 
    /* insert for
        com.cafe.mall.member.model.Member */insert 
    into
        member (create_dt, email, member_id, member_nm, member_pw, phone, update_dt, mbr_no) 
    values
        (?, ?, ?, ?, ?, ?, ?, ?)
Hibernate: 
    select
        b1_0.bno,
        b1_0.content,
        b1_0.in_date,
        b1_0.member_id,
        m1_0.mbr_no,
        m1_0.create_dt,
        m1_0.email,
        m1_0.member_id,
        m1_0.member_nm,
        m1_0.member_pw,
        m1_0.phone,
        m1_0.update_dt,
        b1_0.title,
        b1_0.up_date,
        b1_0.view_cnt,
        b1_0.writer 
    from
        board b1_0 
    join
        member m1_0 
            on m1_0.mbr_no=b1_0.member_id 
    where
        b1_0.bno=?
Hibernate: 
    select
        m1_0.mbr_no,
        m1_0.create_dt,
        m1_0.email,
        m1_0.member_id,
        m1_0.member_nm,
        m1_0.member_pw,
        m1_0.phone,
        m1_0.update_dt 
    from
        member m1_0 
    where
        m1_0.mbr_no=?
Hibernate: 
    /* insert for
        com.cafe.mall.board.model.Board */insert 
    into
        board (content, in_date, member_id, title, up_date, view_cnt, writer, bno) 
    values
        (?, ?, ?, ?, ?, ?, ?, ?)
Hibernate: 
    /* insert for
        com.cafe.mall.member.model.Member */insert 
    into
        member (create_dt, email, member_id, member_nm, member_pw, phone, update_dt, mbr_no) 
    values
        (?, ?, ?, ?, ?, ?, ?, ?)
Hibernate: 
    select
        b1_0.bno,
        b1_0.content,
        b1_0.in_date,
        b1_0.member_id,
        m1_0.mbr_no,
        m1_0.create_dt,
        m1_0.email,
        m1_0.member_id,
        m1_0.member_nm,
        m1_0.member_pw,
        m1_0.phone,
        m1_0.update_dt,
        b1_0.title,
        b1_0.up_date,
        b1_0.view_cnt,
        b1_0.writer 
    from
        board b1_0 
    join
        member m1_0 
            on m1_0.mbr_no=b1_0.member_id 
    where
        b1_0.bno=?
Hibernate: 
    select
        m1_0.mbr_no,
        m1_0.create_dt,
        m1_0.email,
        m1_0.member_id,
        m1_0.member_nm,
        m1_0.member_pw,
        m1_0.phone,
        m1_0.update_dt 
    from
        member m1_0 
    where
        m1_0.mbr_no=?
Hibernate: 
    /* insert for
        com.cafe.mall.board.model.Board */insert 
    into
        board (content, in_date, member_id, title, up_date, view_cnt, writer, bno) 
    values
        (?, ?, ?, ?, ?, ?, ?, ?)
Hibernate: 
    /* insert for
        com.cafe.mall.member.model.Member */insert 
    into
        member (create_dt, email, member_id, member_nm, member_pw, phone, update_dt, mbr_no) 
    values
        (?, ?, ?, ?, ?, ?, ?, ?)
Hibernate: 
    select
        b1_0.bno,
        b1_0.content,
        b1_0.in_date,
        b1_0.member_id,
        m1_0.mbr_no,
        m1_0.create_dt,
        m1_0.email,
        m1_0.member_id,
        m1_0.member_nm,
        m1_0.member_pw,
        m1_0.phone,
        m1_0.update_dt,
        b1_0.title,
        b1_0.up_date,
        b1_0.view_cnt,
        b1_0.writer 
    from
        board b1_0 
    join
        member m1_0 
            on m1_0.mbr_no=b1_0.member_id 
    where
        b1_0.bno=?
Hibernate: 
    select
        m1_0.mbr_no,
        m1_0.create_dt,
        m1_0.email,
        m1_0.member_id,
        m1_0.member_nm,
        m1_0.member_pw,
        m1_0.phone,
        m1_0.update_dt 
    from
        member m1_0 
    where
        m1_0.mbr_no=?
Hibernate: 
    /* insert for
        com.cafe.mall.board.model.Board */insert 
    into
        board (content, in_date, member_id, title, up_date, view_cnt, writer, bno) 
    values
        (?, ?, ?, ?, ?, ?, ?, ?)
Hibernate: 
    /* insert for
        com.cafe.mall.member.model.Member */insert 
    into
        member (create_dt, email, member_id, member_nm, member_pw, phone, update_dt, mbr_no) 
    values
        (?, ?, ?, ?, ?, ?, ?, ?)
Hibernate: 
    select
        b1_0.bno,
        b1_0.content,
        b1_0.in_date,
        b1_0.member_id,
        m1_0.mbr_no,
        m1_0.create_dt,
        m1_0.email,
        m1_0.member_id,
        m1_0.member_nm,
        m1_0.member_pw,
        m1_0.phone,
        m1_0.update_dt,
        b1_0.title,
        b1_0.up_date,
        b1_0.view_cnt,
        b1_0.writer 
    from
        board b1_0 
    join
        member m1_0 
            on m1_0.mbr_no=b1_0.member_id 
    where
        b1_0.bno=?
Hibernate: 
    select
        m1_0.mbr_no,
        m1_0.create_dt,
        m1_0.email,
        m1_0.member_id,
        m1_0.member_nm,
        m1_0.member_pw,
        m1_0.phone,
        m1_0.update_dt 
    from
        member m1_0 
    where
        m1_0.mbr_no=?
Hibernate: 
    /* insert for
        com.cafe.mall.board.model.Board */insert 
    into
        board (content, in_date, member_id, title, up_date, view_cnt, writer, bno) 
    values
        (?, ?, ?, ?, ?, ?, ?, ?)
Hibernate: 
    select
        b1_0.bno,
        b1_0.content,
        b1_0.in_date,
        b1_0.member_id,
        m1_0.mbr_no,
        m1_0.create_dt,
        m1_0.email,
        m1_0.member_id,
        m1_0.member_nm,
        m1_0.member_pw,
        m1_0.phone,
        m1_0.update_dt,
        b1_0.title,
        b1_0.up_date,
        b1_0.view_cnt,
        b1_0.writer 
    from
        board b1_0 
    join
        member m1_0 
            on m1_0.mbr_no=b1_0.member_id 
    where
        b1_0.bno=?
Hibernate: 
    select
        b1_0.bno,
        b1_0.content,
        b1_0.in_date,
        b1_0.member_id,
        m1_0.mbr_no,
        m1_0.create_dt,
        m1_0.email,
        m1_0.member_id,
        m1_0.member_nm,
        m1_0.member_pw,
        m1_0.phone,
        m1_0.update_dt,
        b1_0.title,
        b1_0.up_date,
        b1_0.view_cnt,
        b1_0.writer 
    from
        board b1_0 
    join
        member m1_0 
            on m1_0.mbr_no=b1_0.member_id 
    where
        b1_0.bno=?
Hibernate: 
    select
        b1_0.bno,
        b1_0.content,
        b1_0.in_date,
        b1_0.member_id,
        m1_0.mbr_no,
        m1_0.create_dt,
        m1_0.email,
        m1_0.member_id,
        m1_0.member_nm,
        m1_0.member_pw,
        m1_0.phone,
        m1_0.update_dt,
        b1_0.title,
        b1_0.up_date,
        b1_0.view_cnt,
        b1_0.writer 
    from
        board b1_0 
    join
        member m1_0 
            on m1_0.mbr_no=b1_0.member_id 
    where
        b1_0.bno=?
Hibernate: 
    /* update
        for com.cafe.mall.board.model.Board */update board 
    set
        content=?,
        in_date=?,
        member_id=?,
        title=?,
        up_date=?,
        view_cnt=?,
        writer=? 
    where
        bno=?
Hibernate: 
    select
        b1_0.bno,
        b1_0.content,
        b1_0.in_date,
        b1_0.member_id,
        m1_0.mbr_no,
        m1_0.create_dt,
        m1_0.email,
        m1_0.member_id,
        m1_0.member_nm,
        m1_0.member_pw,
        m1_0.phone,
        m1_0.update_dt,
        b1_0.title,
        b1_0.up_date,
        b1_0.view_cnt,
        b1_0.writer 
    from
        board b1_0 
    join
        member m1_0 
            on m1_0.mbr_no=b1_0.member_id 
    where
        b1_0.bno=?
]]></system-out>
  </testcase>
</testsuite>